[2021-04-29 10:08:17,178][main][manage-tax][com.zt.javastudy.grammar.AopStudyTest:55][logStarting][INFO ][][] =>Starting AopStudyTest using Java 1.8.0_212 on jl-zhengtao with PID 17024 (started by zhengtao in D:\item\java-study)
[2021-04-29 10:08:17,180][main][manage-tax][com.zt.javastudy.grammar.AopStudyTest:660][logStartupProfileInfo][INFO ][][] =>No active profile set, falling back to default profiles: default
[2021-04-29 10:08:18,173][main][manage-tax][org.springframework.scheduling.concurrent.ThreadPoolTaskExecutor:181][initialize][INFO ][][] =>Initializing ExecutorService 'applicationTaskExecutor'
[2021-04-29 10:08:18,485][main][manage-tax][com.zt.javastudy.grammar.AopStudyTest:61][logStarted][INFO ][][] =>Started AopStudyTest in 1.764 seconds (JVM running for 2.64)
[2021-04-29 10:08:18,704][SpringContextShutdownHook][manage-tax][org.springframework.scheduling.concurrent.ThreadPoolTaskExecutor:218][shutdown][INFO ][][] =>Shutting down ExecutorService 'applicationTaskExecutor'
[2021-04-29 10:17:30,242][main][manage-tax][com.zt.javastudy.grammar.AopStudyTest:55][logStarting][INFO ][][] =>Starting AopStudyTest using Java 1.8.0_212 on jl-zhengtao with PID 9224 (started by zhengtao in D:\item\java-study)
[2021-04-29 10:17:30,244][main][manage-tax][com.zt.javastudy.grammar.AopStudyTest:660][logStartupProfileInfo][INFO ][][] =>No active profile set, falling back to default profiles: default
[2021-04-29 10:17:31,151][main][manage-tax][org.springframework.scheduling.concurrent.ThreadPoolTaskExecutor:181][initialize][INFO ][][] =>Initializing ExecutorService 'applicationTaskExecutor'
[2021-04-29 10:17:31,505][main][manage-tax][com.zt.javastudy.grammar.AopStudyTest:61][logStarted][INFO ][][] =>Started AopStudyTest in 1.617 seconds (JVM running for 2.613)
[2021-04-29 10:17:31,683][SpringContextShutdownHook][manage-tax][org.springframework.scheduling.concurrent.ThreadPoolTaskExecutor:218][shutdown][INFO ][][] =>Shutting down ExecutorService 'applicationTaskExecutor'
[2021-04-29 10:18:04,365][main][manage-tax][com.zt.javastudy.grammar.AopStudyTest:55][logStarting][INFO ][][] =>Starting AopStudyTest using Java 1.8.0_212 on jl-zhengtao with PID 15544 (started by zhengtao in D:\item\java-study)
[2021-04-29 10:18:04,367][main][manage-tax][com.zt.javastudy.grammar.AopStudyTest:660][logStartupProfileInfo][INFO ][][] =>No active profile set, falling back to default profiles: default
[2021-04-29 10:18:05,254][main][manage-tax][org.springframework.scheduling.concurrent.ThreadPoolTaskExecutor:181][initialize][INFO ][][] =>Initializing ExecutorService 'applicationTaskExecutor'
[2021-04-29 10:18:05,582][main][manage-tax][com.zt.javastudy.grammar.AopStudyTest:61][logStarted][INFO ][][] =>Started AopStudyTest in 1.563 seconds (JVM running for 2.482)
[2021-04-29 10:18:05,732][SpringContextShutdownHook][manage-tax][org.springframework.scheduling.concurrent.ThreadPoolTaskExecutor:218][shutdown][INFO ][][] =>Shutting down ExecutorService 'applicationTaskExecutor'
[2021-04-29 10:23:29,754][main][manage-tax][com.zt.javastudy.JavaStudyApplication:55][logStarting][INFO ][][] =>Starting JavaStudyApplication using Java 1.8.0_212 on jl-zhengtao with PID 35964 (D:\item\java-study\target\classes started by zhengtao in D:\item\java-study)
[2021-04-29 10:23:29,755][main][manage-tax][com.zt.javastudy.JavaStudyApplication:660][logStartupProfileInfo][INFO ][][] =>No active profile set, falling back to default profiles: default
[2021-04-29 10:23:30,424][main][manage-tax][org.springframework.boot.web.embedded.tomcat.TomcatWebServer:108][initialize][INFO ][][] =>Tomcat initialized with port(s): 19003 (http)
[2021-04-29 10:23:30,441][main][manage-tax][org.apache.coyote.http11.Http11NioProtocol:173][log][INFO ][][] =>Initializing ProtocolHandler ["http-nio-19003"]
[2021-04-29 10:23:30,441][main][manage-tax][org.apache.catalina.core.StandardService:173][log][INFO ][][] =>Starting service [Tomcat]
[2021-04-29 10:23:30,442][main][manage-tax][org.apache.catalina.core.StandardEngine:173][log][INFO ][][] =>Starting Servlet engine: [Apache Tomcat/9.0.39]
[2021-04-29 10:23:30,507][main][manage-tax][org.apache.catalina.core.ContainerBase.[Tomcat].[localhost].[/]:173][log][INFO ][][] =>Initializing Spring embedded WebApplicationContext
[2021-04-29 10:23:30,508][main][manage-tax][org.springframework.boot.web.servlet.context.ServletWebServerApplicationContext:289][prepareWebApplicationContext][INFO ][][] =>Root WebApplicationContext: initialization completed in 721 ms
[2021-04-29 10:23:30,697][main][manage-tax][org.springframework.scheduling.concurrent.ThreadPoolTaskExecutor:181][initialize][INFO ][][] =>Initializing ExecutorService 'applicationTaskExecutor'
[2021-04-29 10:23:30,848][main][manage-tax][org.apache.coyote.http11.Http11NioProtocol:173][log][INFO ][][] =>Starting ProtocolHandler ["http-nio-19003"]
[2021-04-29 10:23:30,866][main][manage-tax][org.springframework.boot.web.embedded.tomcat.TomcatWebServer:220][start][INFO ][][] =>Tomcat started on port(s): 19003 (http) with context path ''
[2021-04-29 10:23:30,874][main][manage-tax][com.zt.javastudy.JavaStudyApplication:61][logStarted][INFO ][][] =>Started JavaStudyApplication in 1.536 seconds (JVM running for 2.183)
[2021-04-29 10:23:30,876][main][manage-tax][com.zt.javastudy.JavaStudyApplication:34][main][INFO ][][] =>java-study ok.....
[2021-04-29 10:23:30,876][main][manage-tax][com.zt.javastudy.JavaStudyApplication:35][main][ERROR][][] =>slf4j ok.........
[2021-04-29 10:23:58,978][http-nio-19003-exec-1][manage-tax][org.apache.catalina.core.ContainerBase.[Tomcat].[localhost].[/]:173][log][INFO ][][] =>Initializing Spring DispatcherServlet 'dispatcherServlet'
[2021-04-29 10:23:58,978][http-nio-19003-exec-1][manage-tax][org.springframework.web.servlet.DispatcherServlet:525][initServletBean][INFO ][][] =>Initializing Servlet 'dispatcherServlet'
[2021-04-29 10:23:58,979][http-nio-19003-exec-1][manage-tax][org.springframework.web.servlet.DispatcherServlet:547][initServletBean][INFO ][][] =>Completed initialization in 1 ms
[2021-04-29 10:24:59,295][SpringContextShutdownHook][manage-tax][org.springframework.scheduling.concurrent.ThreadPoolTaskExecutor:218][shutdown][INFO ][][] =>Shutting down ExecutorService 'applicationTaskExecutor'
[2021-04-29 10:25:02,667][main][manage-tax][com.zt.javastudy.JavaStudyApplication:55][logStarting][INFO ][][] =>Starting JavaStudyApplication using Java 1.8.0_212 on jl-zhengtao with PID 36720 (D:\item\java-study\target\classes started by zhengtao in D:\item\java-study)
[2021-04-29 10:25:02,668][main][manage-tax][com.zt.javastudy.JavaStudyApplication:660][logStartupProfileInfo][INFO ][][] =>No active profile set, falling back to default profiles: default
[2021-04-29 10:25:03,363][main][manage-tax][org.springframework.boot.web.embedded.tomcat.TomcatWebServer:108][initialize][INFO ][][] =>Tomcat initialized with port(s): 19003 (http)
[2021-04-29 10:25:03,368][main][manage-tax][org.apache.coyote.http11.Http11NioProtocol:173][log][INFO ][][] =>Initializing ProtocolHandler ["http-nio-19003"]
[2021-04-29 10:25:03,369][main][manage-tax][org.apache.catalina.core.StandardService:173][log][INFO ][][] =>Starting service [Tomcat]
[2021-04-29 10:25:03,369][main][manage-tax][org.apache.catalina.core.StandardEngine:173][log][INFO ][][] =>Starting Servlet engine: [Apache Tomcat/9.0.39]
[2021-04-29 10:25:03,438][main][manage-tax][org.apache.catalina.core.ContainerBase.[Tomcat].[localhost].[/]:173][log][INFO ][][] =>Initializing Spring embedded WebApplicationContext
[2021-04-29 10:25:03,438][main][manage-tax][org.springframework.boot.web.servlet.context.ServletWebServerApplicationContext:289][prepareWebApplicationContext][INFO ][][] =>Root WebApplicationContext: initialization completed in 732 ms
[2021-04-29 10:25:10,009][main][manage-tax][org.springframework.scheduling.concurrent.ThreadPoolTaskExecutor:181][initialize][INFO ][][] =>Initializing ExecutorService 'applicationTaskExecutor'
[2021-04-29 10:25:10,219][main][manage-tax][org.apache.coyote.http11.Http11NioProtocol:173][log][INFO ][][] =>Starting ProtocolHandler ["http-nio-19003"]
[2021-04-29 10:25:10,237][main][manage-tax][org.springframework.boot.web.embedded.tomcat.TomcatWebServer:220][start][INFO ][][] =>Tomcat started on port(s): 19003 (http) with context path ''
[2021-04-29 10:25:10,244][main][manage-tax][com.zt.javastudy.JavaStudyApplication:61][logStarted][INFO ][][] =>Started JavaStudyApplication in 7.959 seconds (JVM running for 8.5)
[2021-04-29 10:25:10,245][main][manage-tax][com.zt.javastudy.JavaStudyApplication:34][main][INFO ][][] =>java-study ok.....
[2021-04-29 10:25:10,245][main][manage-tax][com.zt.javastudy.JavaStudyApplication:35][main][ERROR][][] =>slf4j ok.........
[2021-04-29 10:25:20,105][http-nio-19003-exec-1][manage-tax][org.apache.catalina.core.ContainerBase.[Tomcat].[localhost].[/]:173][log][INFO ][][] =>Initializing Spring DispatcherServlet 'dispatcherServlet'
[2021-04-29 10:25:20,105][http-nio-19003-exec-1][manage-tax][org.springframework.web.servlet.DispatcherServlet:525][initServletBean][INFO ][][] =>Initializing Servlet 'dispatcherServlet'
[2021-04-29 10:25:20,106][http-nio-19003-exec-1][manage-tax][org.springframework.web.servlet.DispatcherServlet:547][initServletBean][INFO ][][] =>Completed initialization in 0 ms
[2021-04-29 10:25:42,794][main][manage-tax][com.zt.javastudy.grammar.AopStudyTest:55][logStarting][INFO ][][] =>Starting AopStudyTest using Java 1.8.0_212 on jl-zhengtao with PID 21228 (started by zhengtao in D:\item\java-study)
[2021-04-29 10:25:42,797][main][manage-tax][com.zt.javastudy.grammar.AopStudyTest:660][logStartupProfileInfo][INFO ][][] =>No active profile set, falling back to default profiles: default
[2021-04-29 10:25:56,263][main][manage-tax][org.springframework.scheduling.concurrent.ThreadPoolTaskExecutor:181][initialize][INFO ][][] =>Initializing ExecutorService 'applicationTaskExecutor'
[2021-04-29 10:25:56,646][main][manage-tax][com.zt.javastudy.grammar.AopStudyTest:61][logStarted][INFO ][][] =>Started AopStudyTest in 14.188 seconds (JVM running for 15.045)
[2021-04-29 10:26:01,851][SpringContextShutdownHook][manage-tax][org.springframework.scheduling.concurrent.ThreadPoolTaskExecutor:218][shutdown][INFO ][][] =>Shutting down ExecutorService 'applicationTaskExecutor'
[2021-04-29 14:08:54,303][main][manage-tax][com.zt.javastudy.grammar.AopStudyTest:55][logStarting][INFO ][][] =>Starting AopStudyTest using Java 1.8.0_212 on jl-zhengtao with PID 35620 (started by zhengtao in D:\item\java-study)
[2021-04-29 14:08:54,315][main][manage-tax][com.zt.javastudy.grammar.AopStudyTest:660][logStartupProfileInfo][INFO ][][] =>No active profile set, falling back to default profiles: default
[2021-04-29 14:08:55,283][main][manage-tax][org.springframework.scheduling.concurrent.ThreadPoolTaskExecutor:181][initialize][INFO ][][] =>Initializing ExecutorService 'applicationTaskExecutor'
[2021-04-29 14:08:55,608][main][manage-tax][com.zt.javastudy.grammar.AopStudyTest:61][logStarted][INFO ][][] =>Started AopStudyTest in 1.746 seconds (JVM running for 2.459)
[2021-04-29 14:08:55,736][SpringContextShutdownHook][manage-tax][org.springframework.scheduling.concurrent.ThreadPoolTaskExecutor:218][shutdown][INFO ][][] =>Shutting down ExecutorService 'applicationTaskExecutor'
[2021-04-29 14:54:29,797][main][manage-tax][com.zt.javastudy.grammar.AopStudyTest:55][logStarting][INFO ][][] =>Starting AopStudyTest using Java 1.8.0_212 on jl-zhengtao with PID 36472 (started by zhengtao in D:\item\java-study)
[2021-04-29 14:54:29,800][main][manage-tax][com.zt.javastudy.grammar.AopStudyTest:660][logStartupProfileInfo][INFO ][][] =>No active profile set, falling back to default profiles: default
[2021-04-29 14:54:30,727][main][manage-tax][org.springframework.scheduling.concurrent.ThreadPoolTaskExecutor:181][initialize][INFO ][][] =>Initializing ExecutorService 'applicationTaskExecutor'
[2021-04-29 14:54:31,057][main][manage-tax][com.zt.javastudy.grammar.AopStudyTest:61][logStarted][INFO ][][] =>Started AopStudyTest in 1.696 seconds (JVM running for 2.411)
[2021-04-29 14:54:31,186][SpringContextShutdownHook][manage-tax][org.springframework.scheduling.concurrent.ThreadPoolTaskExecutor:218][shutdown][INFO ][][] =>Shutting down ExecutorService 'applicationTaskExecutor'
[2021-04-29 16:49:15,077][main][manage-tax][com.zt.javastudy.grammar.AopStudyTest:55][logStarting][INFO ][][] =>Starting AopStudyTest using Java 1.8.0_212 on jl-zhengtao with PID 36844 (started by zhengtao in D:\item\java-study)
[2021-04-29 16:49:15,079][main][manage-tax][com.zt.javastudy.grammar.AopStudyTest:660][logStartupProfileInfo][INFO ][][] =>No active profile set, falling back to default profiles: default
[2021-04-29 16:49:16,124][main][manage-tax][org.springframework.scheduling.concurrent.ThreadPoolTaskExecutor:181][initialize][INFO ][][] =>Initializing ExecutorService 'applicationTaskExecutor'
[2021-04-29 16:49:16,491][main][manage-tax][com.zt.javastudy.grammar.AopStudyTest:61][logStarted][INFO ][][] =>Started AopStudyTest in 1.82 seconds (JVM running for 2.707)
[2021-04-29 16:49:16,727][SpringContextShutdownHook][manage-tax][org.springframework.scheduling.concurrent.ThreadPoolTaskExecutor:218][shutdown][INFO ][][] =>Shutting down ExecutorService 'applicationTaskExecutor'
[2021-04-29 16:50:06,494][main][manage-tax][com.zt.javastudy.grammar.AopStudyTest:55][logStarting][INFO ][][] =>Starting AopStudyTest using Java 1.8.0_212 on jl-zhengtao with PID 34048 (started by zhengtao in D:\item\java-study)
[2021-04-29 16:50:06,496][main][manage-tax][com.zt.javastudy.grammar.AopStudyTest:660][logStartupProfileInfo][INFO ][][] =>No active profile set, falling back to default profiles: default
[2021-04-29 16:50:07,592][main][manage-tax][org.springframework.scheduling.concurrent.ThreadPoolTaskExecutor:181][initialize][INFO ][][] =>Initializing ExecutorService 'applicationTaskExecutor'
[2021-04-29 16:50:07,944][main][manage-tax][com.zt.javastudy.grammar.AopStudyTest:61][logStarted][INFO ][][] =>Started AopStudyTest in 1.87 seconds (JVM running for 2.544)
[2021-04-29 16:50:08,087][SpringContextShutdownHook][manage-tax][org.springframework.scheduling.concurrent.ThreadPoolTaskExecutor:218][shutdown][INFO ][][] =>Shutting down ExecutorService 'applicationTaskExecutor'
[2021-04-29 16:54:06,148][main][manage-tax][com.zt.javastudy.grammar.AopStudyTest:55][logStarting][INFO ][][] =>Starting AopStudyTest using Java 1.8.0_212 on jl-zhengtao with PID 12092 (started by zhengtao in D:\item\java-study)
[2021-04-29 16:54:06,151][main][manage-tax][com.zt.javastudy.grammar.AopStudyTest:660][logStartupProfileInfo][INFO ][][] =>No active profile set, falling back to default profiles: default
[2021-04-29 16:54:07,199][main][manage-tax][org.springframework.scheduling.concurrent.ThreadPoolTaskExecutor:181][initialize][INFO ][][] =>Initializing ExecutorService 'applicationTaskExecutor'
[2021-04-29 16:54:07,587][main][manage-tax][com.zt.javastudy.grammar.AopStudyTest:61][logStarted][INFO ][][] =>Started AopStudyTest in 1.78 seconds (JVM running for 2.433)
[2021-04-29 16:54:07,725][SpringContextShutdownHook][manage-tax][org.springframework.scheduling.concurrent.ThreadPoolTaskExecutor:218][shutdown][INFO ][][] =>Shutting down ExecutorService 'applicationTaskExecutor'
[2021-04-29 16:56:52,660][main][manage-tax][com.zt.javastudy.grammar.AopStudyTest:55][logStarting][INFO ][][] =>Starting AopStudyTest using Java 1.8.0_212 on jl-zhengtao with PID 29824 (started by zhengtao in D:\item\java-study)
[2021-04-29 16:56:52,662][main][manage-tax][com.zt.javastudy.grammar.AopStudyTest:660][logStartupProfileInfo][INFO ][][] =>No active profile set, falling back to default profiles: default
[2021-04-29 16:56:53,585][main][manage-tax][org.springframework.scheduling.concurrent.ThreadPoolTaskExecutor:181][initialize][INFO ][][] =>Initializing ExecutorService 'applicationTaskExecutor'
[2021-04-29 16:56:53,955][main][manage-tax][com.zt.javastudy.grammar.AopStudyTest:61][logStarted][INFO ][][] =>Started AopStudyTest in 1.617 seconds (JVM running for 2.274)
[2021-04-29 16:56:54,103][SpringContextShutdownHook][manage-tax][org.springframework.scheduling.concurrent.ThreadPoolTaskExecutor:218][shutdown][INFO ][][] =>Shutting down ExecutorService 'applicationTaskExecutor'
[2021-04-29 17:05:10,786][main][manage-tax][com.zt.javastudy.grammar.AopStudyTest:55][logStarting][INFO ][][] =>Starting AopStudyTest using Java 1.8.0_212 on jl-zhengtao with PID 38328 (started by zhengtao in D:\item\java-study)
[2021-04-29 17:05:10,788][main][manage-tax][com.zt.javastudy.grammar.AopStudyTest:660][logStartupProfileInfo][INFO ][][] =>No active profile set, falling back to default profiles: default
[2021-04-29 17:05:11,821][main][manage-tax][org.springframework.scheduling.concurrent.ThreadPoolTaskExecutor:181][initialize][INFO ][][] =>Initializing ExecutorService 'applicationTaskExecutor'
[2021-04-29 17:05:12,209][main][manage-tax][com.zt.javastudy.grammar.AopStudyTest:61][logStarted][INFO ][][] =>Started AopStudyTest in 1.79 seconds (JVM running for 2.455)
[2021-04-29 17:05:12,350][SpringContextShutdownHook][manage-tax][org.springframework.scheduling.concurrent.ThreadPoolTaskExecutor:218][shutdown][INFO ][][] =>Shutting down ExecutorService 'applicationTaskExecutor'
[2021-05-06 15:06:10,561][main][manage-tax][com.zt.javastudy.grammar.AopStudyTest:55][logStarting][INFO ][][] =>Starting AopStudyTest using Java 1.8.0_212 on jl-zhengtao with PID 33956 (started by zhengtao in D:\item\java-study)
[2021-05-06 15:06:10,563][main][manage-tax][com.zt.javastudy.grammar.AopStudyTest:660][logStartupProfileInfo][INFO ][][] =>No active profile set, falling back to default profiles: default
[2021-05-06 15:06:12,476][main][manage-tax][org.springframework.scheduling.concurrent.ThreadPoolTaskExecutor:181][initialize][INFO ][][] =>Initializing ExecutorService 'applicationTaskExecutor'
[2021-05-06 15:06:12,911][main][manage-tax][com.zt.javastudy.grammar.AopStudyTest:61][logStarted][INFO ][][] =>Started AopStudyTest in 2.898 seconds (JVM running for 4.612)
[2021-05-06 15:06:13,413][SpringContextShutdownHook][manage-tax][org.springframework.scheduling.concurrent.ThreadPoolTaskExecutor:218][shutdown][INFO ][][] =>Shutting down ExecutorService 'applicationTaskExecutor'
[2021-05-06 15:28:37,866][main][manage-tax][com.zt.javastudy.grammar.AopStudyTest:55][logStarting][INFO ][][] =>Starting AopStudyTest using Java 1.8.0_212 on jl-zhengtao with PID 40432 (started by zhengtao in D:\item\java-study)
[2021-05-06 15:28:37,868][main][manage-tax][com.zt.javastudy.grammar.AopStudyTest:660][logStartupProfileInfo][INFO ][][] =>No active profile set, falling back to default profiles: default
[2021-05-06 15:28:38,764][main][manage-tax][org.springframework.scheduling.concurrent.ThreadPoolTaskExecutor:181][initialize][INFO ][][] =>Initializing ExecutorService 'applicationTaskExecutor'
[2021-05-06 15:28:39,088][main][manage-tax][com.zt.javastudy.grammar.AopStudyTest:61][logStarted][INFO ][][] =>Started AopStudyTest in 1.523 seconds (JVM running for 2.387)
[2021-05-06 15:28:39,226][SpringContextShutdownHook][manage-tax][org.springframework.scheduling.concurrent.ThreadPoolTaskExecutor:218][shutdown][INFO ][][] =>Shutting down ExecutorService 'applicationTaskExecutor'
[2021-05-06 16:04:49,135][main][manage-tax][com.zt.javastudy.grammar.AopStudyTest:55][logStarting][INFO ][][] =>Starting AopStudyTest using Java 1.8.0_212 on jl-zhengtao with PID 41204 (started by zhengtao in D:\item\java-study)
[2021-05-06 16:04:49,137][main][manage-tax][com.zt.javastudy.grammar.AopStudyTest:660][logStartupProfileInfo][INFO ][][] =>No active profile set, falling back to default profiles: default
[2021-05-06 16:04:50,037][main][manage-tax][org.springframework.scheduling.concurrent.ThreadPoolTaskExecutor:181][initialize][INFO ][][] =>Initializing ExecutorService 'applicationTaskExecutor'
[2021-05-06 16:04:50,331][main][manage-tax][com.zt.javastudy.grammar.AopStudyTest:61][logStarted][INFO ][][] =>Started AopStudyTest in 1.509 seconds (JVM running for 2.672)
[2021-05-06 16:04:50,505][SpringContextShutdownHook][manage-tax][org.springframework.scheduling.concurrent.ThreadPoolTaskExecutor:218][shutdown][INFO ][][] =>Shutting down ExecutorService 'applicationTaskExecutor'
