[2021-04-23 09:37:37,551][main][manage-tax][com.zt.javastudy.JavaStudyApplication:55][logStarting][INFO ][][] =>Starting JavaStudyApplication using Java 1.8.0_212 on jl-zhengtao with PID 24252 (D:\item\java-study\target\classes started by zhengtao in D:\item\java-study)
[2021-04-23 09:37:37,552][main][manage-tax][com.zt.javastudy.JavaStudyApplication:660][logStartupProfileInfo][INFO ][][] =>No active profile set, falling back to default profiles: default
[2021-04-23 09:37:38,436][main][manage-tax][org.springframework.boot.web.embedded.tomcat.TomcatWebServer:108][initialize][INFO ][][] =>Tomcat initialized with port(s): 19003 (http)
[2021-04-23 09:37:38,442][main][manage-tax][org.apache.coyote.http11.Http11NioProtocol:173][log][INFO ][][] =>Initializing ProtocolHandler ["http-nio-19003"]
[2021-04-23 09:37:38,442][main][manage-tax][org.apache.catalina.core.StandardService:173][log][INFO ][][] =>Starting service [Tomcat]
[2021-04-23 09:37:38,442][main][manage-tax][org.apache.catalina.core.StandardEngine:173][log][INFO ][][] =>Starting Servlet engine: [Apache Tomcat/9.0.39]
[2021-04-23 09:37:38,516][main][manage-tax][org.apache.catalina.core.ContainerBase.[Tomcat].[localhost].[/]:173][log][INFO ][][] =>Initializing Spring embedded WebApplicationContext
[2021-04-23 09:37:38,516][main][manage-tax][org.springframework.boot.web.servlet.context.ServletWebServerApplicationContext:289][prepareWebApplicationContext][INFO ][][] =>Root WebApplicationContext: initialization completed in 925 ms
[2021-04-23 09:37:38,681][main][manage-tax][org.springframework.scheduling.concurrent.ThreadPoolTaskExecutor:181][initialize][INFO ][][] =>Initializing ExecutorService 'applicationTaskExecutor'
[2021-04-23 09:37:38,837][main][manage-tax][org.apache.coyote.http11.Http11NioProtocol:173][log][INFO ][][] =>Starting ProtocolHandler ["http-nio-19003"]
[2021-04-23 09:37:38,859][main][manage-tax][org.springframework.boot.web.embedded.tomcat.TomcatWebServer:220][start][INFO ][][] =>Tomcat started on port(s): 19003 (http) with context path ''
[2021-04-23 09:37:38,867][main][manage-tax][com.zt.javastudy.JavaStudyApplication:61][logStarted][INFO ][][] =>Started JavaStudyApplication in 1.833 seconds (JVM running for 2.55)
[2021-04-23 09:37:38,869][main][manage-tax][com.zt.javastudy.JavaStudyApplication:34][main][INFO ][][] =>java-study ok.....
[2021-04-23 09:37:38,869][main][manage-tax][com.zt.javastudy.JavaStudyApplication:35][main][ERROR][][] =>slf4j ok.........
[2021-04-23 09:37:48,909][http-nio-19003-exec-1][manage-tax][org.apache.catalina.core.ContainerBase.[Tomcat].[localhost].[/]:173][log][INFO ][][] =>Initializing Spring DispatcherServlet 'dispatcherServlet'
[2021-04-23 09:37:48,910][http-nio-19003-exec-1][manage-tax][org.springframework.web.servlet.DispatcherServlet:525][initServletBean][INFO ][][] =>Initializing Servlet 'dispatcherServlet'
[2021-04-23 09:37:48,910][http-nio-19003-exec-1][manage-tax][org.springframework.web.servlet.DispatcherServlet:547][initServletBean][INFO ][][] =>Completed initialization in 0 ms
[2021-04-23 15:18:11,614][SpringContextShutdownHook][manage-tax][org.springframework.scheduling.concurrent.ThreadPoolTaskExecutor:218][shutdown][INFO ][][] =>Shutting down ExecutorService 'applicationTaskExecutor'
[2021-04-23 15:25:55,390][main][manage-tax][com.zt.javastudy.JavaStudyApplication:55][logStarting][INFO ][][] =>Starting JavaStudyApplication using Java 1.8.0_212 on jl-zhengtao with PID 28340 (D:\item\java-study\target\classes started by zhengtao in D:\item\java-study)
[2021-04-23 15:25:55,392][main][manage-tax][com.zt.javastudy.JavaStudyApplication:660][logStartupProfileInfo][INFO ][][] =>No active profile set, falling back to default profiles: default
[2021-04-23 15:25:56,403][main][manage-tax][org.springframework.boot.web.embedded.tomcat.TomcatWebServer:108][initialize][INFO ][][] =>Tomcat initialized with port(s): 19003 (http)
[2021-04-23 15:25:56,410][main][manage-tax][org.apache.coyote.http11.Http11NioProtocol:173][log][INFO ][][] =>Initializing ProtocolHandler ["http-nio-19003"]
[2021-04-23 15:25:56,411][main][manage-tax][org.apache.catalina.core.StandardService:173][log][INFO ][][] =>Starting service [Tomcat]
[2021-04-23 15:25:56,411][main][manage-tax][org.apache.catalina.core.StandardEngine:173][log][INFO ][][] =>Starting Servlet engine: [Apache Tomcat/9.0.39]
[2021-04-23 15:25:56,480][main][manage-tax][org.apache.catalina.core.ContainerBase.[Tomcat].[localhost].[/]:173][log][INFO ][][] =>Initializing Spring embedded WebApplicationContext
[2021-04-23 15:25:56,480][main][manage-tax][org.springframework.boot.web.servlet.context.ServletWebServerApplicationContext:289][prepareWebApplicationContext][INFO ][][] =>Root WebApplicationContext: initialization completed in 1019 ms
[2021-04-23 15:25:56,736][main][manage-tax][org.springframework.scheduling.concurrent.ThreadPoolTaskExecutor:181][initialize][INFO ][][] =>Initializing ExecutorService 'applicationTaskExecutor'
[2021-04-23 15:25:56,867][main][manage-tax][org.apache.coyote.http11.Http11NioProtocol:173][log][INFO ][][] =>Starting ProtocolHandler ["http-nio-19003"]
[2021-04-23 15:25:56,885][main][manage-tax][org.springframework.boot.web.embedded.tomcat.TomcatWebServer:220][start][INFO ][][] =>Tomcat started on port(s): 19003 (http) with context path ''
[2021-04-23 15:25:56,892][main][manage-tax][com.zt.javastudy.JavaStudyApplication:61][logStarted][INFO ][][] =>Started JavaStudyApplication in 2.14 seconds (JVM running for 4.183)
[2021-04-23 15:25:56,894][main][manage-tax][com.zt.javastudy.JavaStudyApplication:34][main][INFO ][][] =>java-study ok.....
[2021-04-23 15:25:56,894][main][manage-tax][com.zt.javastudy.JavaStudyApplication:35][main][ERROR][][] =>slf4j ok.........
[2021-04-23 15:26:04,080][http-nio-19003-exec-2][manage-tax][org.apache.catalina.core.ContainerBase.[Tomcat].[localhost].[/]:173][log][INFO ][][] =>Initializing Spring DispatcherServlet 'dispatcherServlet'
[2021-04-23 15:26:04,081][http-nio-19003-exec-2][manage-tax][org.springframework.web.servlet.DispatcherServlet:525][initServletBean][INFO ][][] =>Initializing Servlet 'dispatcherServlet'
[2021-04-23 15:26:04,081][http-nio-19003-exec-2][manage-tax][org.springframework.web.servlet.DispatcherServlet:547][initServletBean][INFO ][][] =>Completed initialization in 0 ms
[2021-04-23 15:29:56,350][SpringContextShutdownHook][manage-tax][org.springframework.scheduling.concurrent.ThreadPoolTaskExecutor:218][shutdown][INFO ][][] =>Shutting down ExecutorService 'applicationTaskExecutor'
[2021-04-23 15:30:00,065][main][manage-tax][com.zt.javastudy.JavaStudyApplication:55][logStarting][INFO ][][] =>Starting JavaStudyApplication using Java 1.8.0_212 on jl-zhengtao with PID 28976 (D:\item\java-study\target\classes started by zhengtao in D:\item\java-study)
[2021-04-23 15:30:00,067][main][manage-tax][com.zt.javastudy.JavaStudyApplication:660][logStartupProfileInfo][INFO ][][] =>No active profile set, falling back to default profiles: default
[2021-04-23 15:30:00,626][main][manage-tax][org.springframework.boot.web.embedded.tomcat.TomcatWebServer:108][initialize][INFO ][][] =>Tomcat initialized with port(s): 19003 (http)
[2021-04-23 15:30:00,633][main][manage-tax][org.apache.coyote.http11.Http11NioProtocol:173][log][INFO ][][] =>Initializing ProtocolHandler ["http-nio-19003"]
[2021-04-23 15:30:00,633][main][manage-tax][org.apache.catalina.core.StandardService:173][log][INFO ][][] =>Starting service [Tomcat]
[2021-04-23 15:30:00,634][main][manage-tax][org.apache.catalina.core.StandardEngine:173][log][INFO ][][] =>Starting Servlet engine: [Apache Tomcat/9.0.39]
[2021-04-23 15:30:00,693][main][manage-tax][org.apache.catalina.core.ContainerBase.[Tomcat].[localhost].[/]:173][log][INFO ][][] =>Initializing Spring embedded WebApplicationContext
[2021-04-23 15:30:00,693][main][manage-tax][org.springframework.boot.web.servlet.context.ServletWebServerApplicationContext:289][prepareWebApplicationContext][INFO ][][] =>Root WebApplicationContext: initialization completed in 586 ms
[2021-04-23 15:30:00,863][main][manage-tax][org.springframework.scheduling.concurrent.ThreadPoolTaskExecutor:181][initialize][INFO ][][] =>Initializing ExecutorService 'applicationTaskExecutor'
[2021-04-23 15:30:01,027][main][manage-tax][org.apache.coyote.http11.Http11NioProtocol:173][log][INFO ][][] =>Starting ProtocolHandler ["http-nio-19003"]
[2021-04-23 15:30:01,045][main][manage-tax][org.springframework.boot.web.embedded.tomcat.TomcatWebServer:220][start][INFO ][][] =>Tomcat started on port(s): 19003 (http) with context path ''
[2021-04-23 15:30:01,052][main][manage-tax][com.zt.javastudy.JavaStudyApplication:61][logStarted][INFO ][][] =>Started JavaStudyApplication in 1.414 seconds (JVM running for 1.995)
[2021-04-23 15:30:01,054][main][manage-tax][com.zt.javastudy.JavaStudyApplication:34][main][INFO ][][] =>java-study ok.....
[2021-04-23 15:30:01,054][main][manage-tax][com.zt.javastudy.JavaStudyApplication:35][main][ERROR][][] =>slf4j ok.........
[2021-04-23 15:30:05,756][http-nio-19003-exec-2][manage-tax][org.apache.catalina.core.ContainerBase.[Tomcat].[localhost].[/]:173][log][INFO ][][] =>Initializing Spring DispatcherServlet 'dispatcherServlet'
[2021-04-23 15:30:05,756][http-nio-19003-exec-2][manage-tax][org.springframework.web.servlet.DispatcherServlet:525][initServletBean][INFO ][][] =>Initializing Servlet 'dispatcherServlet'
[2021-04-23 15:30:05,757][http-nio-19003-exec-2][manage-tax][org.springframework.web.servlet.DispatcherServlet:547][initServletBean][INFO ][][] =>Completed initialization in 0 ms
[2021-04-23 15:45:29,330][SpringContextShutdownHook][manage-tax][org.springframework.scheduling.concurrent.ThreadPoolTaskExecutor:218][shutdown][INFO ][][] =>Shutting down ExecutorService 'applicationTaskExecutor'
