[2021-04-21 17:06:26,337][main][manage-tax][com.zt.javastudy.JavaStudyApplication:55][logStarting][INFO ][][] =>Starting JavaStudyApplication using Java 1.8.0_212 on jl-zhengtao with PID 23708 (D:\item\java-study\target\classes started by zhengtao in D:\item\java-study)
[2021-04-21 17:06:26,338][main][manage-tax][com.zt.javastudy.JavaStudyApplication:660][logStartupProfileInfo][INFO ][][] =>No active profile set, falling back to default profiles: default
[2021-04-21 17:06:27,005][main][manage-tax][org.springframework.boot.web.embedded.tomcat.TomcatWebServer:108][initialize][INFO ][][] =>Tomcat initialized with port(s): 19003 (http)
[2021-04-21 17:06:27,010][main][manage-tax][org.apache.coyote.http11.Http11NioProtocol:173][log][INFO ][][] =>Initializing ProtocolHandler ["http-nio-19003"]
[2021-04-21 17:06:27,011][main][manage-tax][org.apache.catalina.core.StandardService:173][log][INFO ][][] =>Starting service [Tomcat]
[2021-04-21 17:06:27,011][main][manage-tax][org.apache.catalina.core.StandardEngine:173][log][INFO ][][] =>Starting Servlet engine: [Apache Tomcat/9.0.39]
[2021-04-21 17:06:27,069][main][manage-tax][org.apache.catalina.core.ContainerBase.[Tomcat].[localhost].[/]:173][log][INFO ][][] =>Initializing Spring embedded WebApplicationContext
[2021-04-21 17:06:27,069][main][manage-tax][org.springframework.boot.web.servlet.context.ServletWebServerApplicationContext:289][prepareWebApplicationContext][INFO ][][] =>Root WebApplicationContext: initialization completed in 687 ms
[2021-04-21 17:06:27,204][main][manage-tax][org.springframework.scheduling.concurrent.ThreadPoolTaskExecutor:181][initialize][INFO ][][] =>Initializing ExecutorService 'applicationTaskExecutor'
[2021-04-21 17:06:27,333][main][manage-tax][org.apache.coyote.http11.Http11NioProtocol:173][log][INFO ][][] =>Starting ProtocolHandler ["http-nio-19003"]
[2021-04-21 17:06:27,350][main][manage-tax][org.springframework.boot.web.embedded.tomcat.TomcatWebServer:220][start][INFO ][][] =>Tomcat started on port(s): 19003 (http) with context path ''
[2021-04-21 17:06:27,357][main][manage-tax][com.zt.javastudy.JavaStudyApplication:61][logStarted][INFO ][][] =>Started JavaStudyApplication in 1.468 seconds (JVM running for 2.095)
[2021-04-21 17:06:27,359][main][manage-tax][com.zt.javastudy.JavaStudyApplication:33][main][INFO ][][] =>java-study ok.....
[2021-04-21 17:06:27,359][main][manage-tax][com.zt.javastudy.JavaStudyApplication:34][main][ERROR][][] =>slf4j ok.........
[2021-04-21 17:06:48,782][http-nio-19003-exec-1][manage-tax][org.apache.catalina.core.ContainerBase.[Tomcat].[localhost].[/]:173][log][INFO ][][] =>Initializing Spring DispatcherServlet 'dispatcherServlet'
[2021-04-21 17:06:48,782][http-nio-19003-exec-1][manage-tax][org.springframework.web.servlet.DispatcherServlet:525][initServletBean][INFO ][][] =>Initializing Servlet 'dispatcherServlet'
[2021-04-21 17:06:48,783][http-nio-19003-exec-1][manage-tax][org.springframework.web.servlet.DispatcherServlet:547][initServletBean][INFO ][][] =>Completed initialization in 1 ms
[2021-04-21 17:57:51,294][SpringContextShutdownHook][manage-tax][org.springframework.scheduling.concurrent.ThreadPoolTaskExecutor:218][shutdown][INFO ][][] =>Shutting down ExecutorService 'applicationTaskExecutor'
[2021-04-21 17:57:55,788][main][manage-tax][com.zt.javastudy.JavaStudyApplication:55][logStarting][INFO ][][] =>Starting JavaStudyApplication using Java 1.8.0_212 on jl-zhengtao with PID 36760 (D:\item\java-study\target\classes started by zhengtao in D:\item\java-study)
[2021-04-21 17:57:55,789][main][manage-tax][com.zt.javastudy.JavaStudyApplication:660][logStartupProfileInfo][INFO ][][] =>No active profile set, falling back to default profiles: default
[2021-04-21 17:57:56,643][main][manage-tax][org.springframework.boot.web.embedded.tomcat.TomcatWebServer:108][initialize][INFO ][][] =>Tomcat initialized with port(s): 19003 (http)
[2021-04-21 17:57:56,649][main][manage-tax][org.apache.coyote.http11.Http11NioProtocol:173][log][INFO ][][] =>Initializing ProtocolHandler ["http-nio-19003"]
[2021-04-21 17:57:56,649][main][manage-tax][org.apache.catalina.core.StandardService:173][log][INFO ][][] =>Starting service [Tomcat]
[2021-04-21 17:57:56,649][main][manage-tax][org.apache.catalina.core.StandardEngine:173][log][INFO ][][] =>Starting Servlet engine: [Apache Tomcat/9.0.39]
[2021-04-21 17:57:56,713][main][manage-tax][org.apache.catalina.core.ContainerBase.[Tomcat].[localhost].[/]:173][log][INFO ][][] =>Initializing Spring embedded WebApplicationContext
[2021-04-21 17:57:56,713][main][manage-tax][org.springframework.boot.web.servlet.context.ServletWebServerApplicationContext:289][prepareWebApplicationContext][INFO ][][] =>Root WebApplicationContext: initialization completed in 874 ms
[2021-04-21 17:57:56,874][main][manage-tax][org.springframework.scheduling.concurrent.ThreadPoolTaskExecutor:181][initialize][INFO ][][] =>Initializing ExecutorService 'applicationTaskExecutor'
[2021-04-21 17:57:57,002][main][manage-tax][org.apache.coyote.http11.Http11NioProtocol:173][log][INFO ][][] =>Starting ProtocolHandler ["http-nio-19003"]
[2021-04-21 17:57:57,019][main][manage-tax][org.springframework.boot.web.embedded.tomcat.TomcatWebServer:220][start][INFO ][][] =>Tomcat started on port(s): 19003 (http) with context path ''
[2021-04-21 17:57:57,027][main][manage-tax][com.zt.javastudy.JavaStudyApplication:61][logStarted][INFO ][][] =>Started JavaStudyApplication in 1.696 seconds (JVM running for 2.316)
[2021-04-21 17:57:57,028][main][manage-tax][com.zt.javastudy.JavaStudyApplication:33][main][INFO ][][] =>java-study ok.....
[2021-04-21 17:57:57,028][main][manage-tax][com.zt.javastudy.JavaStudyApplication:34][main][ERROR][][] =>slf4j ok.........
[2021-04-21 17:58:16,448][http-nio-19003-exec-2][manage-tax][org.apache.catalina.core.ContainerBase.[Tomcat].[localhost].[/]:173][log][INFO ][][] =>Initializing Spring DispatcherServlet 'dispatcherServlet'
[2021-04-21 17:58:16,449][http-nio-19003-exec-2][manage-tax][org.springframework.web.servlet.DispatcherServlet:525][initServletBean][INFO ][][] =>Initializing Servlet 'dispatcherServlet'
[2021-04-21 17:58:16,449][http-nio-19003-exec-2][manage-tax][org.springframework.web.servlet.DispatcherServlet:547][initServletBean][INFO ][][] =>Completed initialization in 0 ms
