[2021-04-22 20:50:20,883][main][manage-tax][com.zt.javastudy.JavaStudyApplication:55][logStarting][INFO ][][] =>Starting JavaStudyApplication using Java 1.8.0_212 on jl-zhengtao with PID 37232 (D:\item\java-study\target\classes started by zhengtao in D:\item\java-study)
[2021-04-22 20:50:20,884][main][manage-tax][com.zt.javastudy.JavaStudyApplication:660][logStartupProfileInfo][INFO ][][] =>No active profile set, falling back to default profiles: default
[2021-04-22 20:50:21,988][main][manage-tax][org.springframework.boot.web.embedded.tomcat.TomcatWebServer:108][initialize][INFO ][][] =>Tomcat initialized with port(s): 19003 (http)
[2021-04-22 20:50:22,000][main][manage-tax][org.apache.coyote.http11.Http11NioProtocol:173][log][INFO ][][] =>Initializing ProtocolHandler ["http-nio-19003"]
[2021-04-22 20:50:22,000][main][manage-tax][org.apache.catalina.core.StandardService:173][log][INFO ][][] =>Starting service [Tomcat]
[2021-04-22 20:50:22,000][main][manage-tax][org.apache.catalina.core.StandardEngine:173][log][INFO ][][] =>Starting Servlet engine: [Apache Tomcat/9.0.39]
[2021-04-22 20:50:22,079][main][manage-tax][org.apache.catalina.core.ContainerBase.[Tomcat].[localhost].[/]:173][log][INFO ][][] =>Initializing Spring embedded WebApplicationContext
[2021-04-22 20:50:22,079][main][manage-tax][org.springframework.boot.web.servlet.context.ServletWebServerApplicationContext:289][prepareWebApplicationContext][INFO ][][] =>Root WebApplicationContext: initialization completed in 1139 ms
[2021-04-22 20:50:22,248][main][manage-tax][org.springframework.scheduling.concurrent.ThreadPoolTaskExecutor:181][initialize][INFO ][][] =>Initializing ExecutorService 'applicationTaskExecutor'
[2021-04-22 20:50:22,381][main][manage-tax][org.apache.coyote.http11.Http11NioProtocol:173][log][INFO ][][] =>Starting ProtocolHandler ["http-nio-19003"]
[2021-04-22 20:50:22,398][main][manage-tax][org.springframework.boot.web.embedded.tomcat.TomcatWebServer:220][start][INFO ][][] =>Tomcat started on port(s): 19003 (http) with context path ''
[2021-04-22 20:50:22,405][main][manage-tax][com.zt.javastudy.JavaStudyApplication:61][logStarted][INFO ][][] =>Started JavaStudyApplication in 2.285 seconds (JVM running for 3.393)
[2021-04-22 20:50:22,407][main][manage-tax][com.zt.javastudy.JavaStudyApplication:34][main][INFO ][][] =>java-study ok.....
[2021-04-22 20:50:22,407][main][manage-tax][com.zt.javastudy.JavaStudyApplication:35][main][ERROR][][] =>slf4j ok.........
[2021-04-22 20:50:26,682][http-nio-19003-exec-2][manage-tax][org.apache.catalina.core.ContainerBase.[Tomcat].[localhost].[/]:173][log][INFO ][][] =>Initializing Spring DispatcherServlet 'dispatcherServlet'
[2021-04-22 20:50:26,682][http-nio-19003-exec-2][manage-tax][org.springframework.web.servlet.DispatcherServlet:525][initServletBean][INFO ][][] =>Initializing Servlet 'dispatcherServlet'
[2021-04-22 20:50:26,682][http-nio-19003-exec-2][manage-tax][org.springframework.web.servlet.DispatcherServlet:547][initServletBean][INFO ][][] =>Completed initialization in 0 ms
[2021-04-22 20:50:44,968][SpringContextShutdownHook][manage-tax][org.springframework.scheduling.concurrent.ThreadPoolTaskExecutor:218][shutdown][INFO ][][] =>Shutting down ExecutorService 'applicationTaskExecutor'
[2021-04-22 20:50:48,413][main][manage-tax][com.zt.javastudy.JavaStudyApplication:55][logStarting][INFO ][][] =>Starting JavaStudyApplication using Java 1.8.0_212 on jl-zhengtao with PID 35880 (D:\item\java-study\target\classes started by zhengtao in D:\item\java-study)
[2021-04-22 20:50:48,415][main][manage-tax][com.zt.javastudy.JavaStudyApplication:660][logStartupProfileInfo][INFO ][][] =>No active profile set, falling back to default profiles: default
[2021-04-22 20:50:49,044][main][manage-tax][org.springframework.boot.web.embedded.tomcat.TomcatWebServer:108][initialize][INFO ][][] =>Tomcat initialized with port(s): 19003 (http)
[2021-04-22 20:50:49,049][main][manage-tax][org.apache.coyote.http11.Http11NioProtocol:173][log][INFO ][][] =>Initializing ProtocolHandler ["http-nio-19003"]
[2021-04-22 20:50:49,050][main][manage-tax][org.apache.catalina.core.StandardService:173][log][INFO ][][] =>Starting service [Tomcat]
[2021-04-22 20:50:49,050][main][manage-tax][org.apache.catalina.core.StandardEngine:173][log][INFO ][][] =>Starting Servlet engine: [Apache Tomcat/9.0.39]
[2021-04-22 20:50:49,116][main][manage-tax][org.apache.catalina.core.ContainerBase.[Tomcat].[localhost].[/]:173][log][INFO ][][] =>Initializing Spring embedded WebApplicationContext
[2021-04-22 20:50:49,116][main][manage-tax][org.springframework.boot.web.servlet.context.ServletWebServerApplicationContext:289][prepareWebApplicationContext][INFO ][][] =>Root WebApplicationContext: initialization completed in 663 ms
[2021-04-22 20:50:49,247][main][manage-tax][org.springframework.scheduling.concurrent.ThreadPoolTaskExecutor:181][initialize][INFO ][][] =>Initializing ExecutorService 'applicationTaskExecutor'
[2021-04-22 20:50:49,376][main][manage-tax][org.apache.coyote.http11.Http11NioProtocol:173][log][INFO ][][] =>Starting ProtocolHandler ["http-nio-19003"]
[2021-04-22 20:50:49,394][main][manage-tax][org.springframework.boot.web.embedded.tomcat.TomcatWebServer:220][start][INFO ][][] =>Tomcat started on port(s): 19003 (http) with context path ''
[2021-04-22 20:50:49,401][main][manage-tax][com.zt.javastudy.JavaStudyApplication:61][logStarted][INFO ][][] =>Started JavaStudyApplication in 1.351 seconds (JVM running for 1.968)
[2021-04-22 20:50:49,403][main][manage-tax][com.zt.javastudy.JavaStudyApplication:34][main][INFO ][][] =>java-study ok.....
[2021-04-22 20:50:49,403][main][manage-tax][com.zt.javastudy.JavaStudyApplication:35][main][ERROR][][] =>slf4j ok.........
[2021-04-22 20:50:55,390][http-nio-19003-exec-1][manage-tax][org.apache.catalina.core.ContainerBase.[Tomcat].[localhost].[/]:173][log][INFO ][][] =>Initializing Spring DispatcherServlet 'dispatcherServlet'
[2021-04-22 20:50:55,390][http-nio-19003-exec-1][manage-tax][org.springframework.web.servlet.DispatcherServlet:525][initServletBean][INFO ][][] =>Initializing Servlet 'dispatcherServlet'
[2021-04-22 20:50:55,391][http-nio-19003-exec-1][manage-tax][org.springframework.web.servlet.DispatcherServlet:547][initServletBean][INFO ][][] =>Completed initialization in 1 ms
[2021-04-22 20:51:32,535][SpringContextShutdownHook][manage-tax][org.springframework.scheduling.concurrent.ThreadPoolTaskExecutor:218][shutdown][INFO ][][] =>Shutting down ExecutorService 'applicationTaskExecutor'
[2021-04-22 20:51:36,017][main][manage-tax][com.zt.javastudy.JavaStudyApplication:55][logStarting][INFO ][][] =>Starting JavaStudyApplication using Java 1.8.0_212 on jl-zhengtao with PID 31080 (D:\item\java-study\target\classes started by zhengtao in D:\item\java-study)
[2021-04-22 20:51:36,019][main][manage-tax][com.zt.javastudy.JavaStudyApplication:660][logStartupProfileInfo][INFO ][][] =>No active profile set, falling back to default profiles: default
[2021-04-22 20:51:36,694][main][manage-tax][org.springframework.boot.web.embedded.tomcat.TomcatWebServer:108][initialize][INFO ][][] =>Tomcat initialized with port(s): 19003 (http)
[2021-04-22 20:51:36,700][main][manage-tax][org.apache.coyote.http11.Http11NioProtocol:173][log][INFO ][][] =>Initializing ProtocolHandler ["http-nio-19003"]
[2021-04-22 20:51:36,700][main][manage-tax][org.apache.catalina.core.StandardService:173][log][INFO ][][] =>Starting service [Tomcat]
[2021-04-22 20:51:36,701][main][manage-tax][org.apache.catalina.core.StandardEngine:173][log][INFO ][][] =>Starting Servlet engine: [Apache Tomcat/9.0.39]
[2021-04-22 20:51:36,785][main][manage-tax][org.apache.catalina.core.ContainerBase.[Tomcat].[localhost].[/]:173][log][INFO ][][] =>Initializing Spring embedded WebApplicationContext
[2021-04-22 20:51:36,785][main][manage-tax][org.springframework.boot.web.servlet.context.ServletWebServerApplicationContext:289][prepareWebApplicationContext][INFO ][][] =>Root WebApplicationContext: initialization completed in 733 ms
[2021-04-22 20:51:36,916][main][manage-tax][org.springframework.scheduling.concurrent.ThreadPoolTaskExecutor:181][initialize][INFO ][][] =>Initializing ExecutorService 'applicationTaskExecutor'
[2021-04-22 20:51:37,047][main][manage-tax][org.apache.coyote.http11.Http11NioProtocol:173][log][INFO ][][] =>Starting ProtocolHandler ["http-nio-19003"]
[2021-04-22 20:51:37,064][main][manage-tax][org.springframework.boot.web.embedded.tomcat.TomcatWebServer:220][start][INFO ][][] =>Tomcat started on port(s): 19003 (http) with context path ''
[2021-04-22 20:51:37,070][main][manage-tax][com.zt.javastudy.JavaStudyApplication:61][logStarted][INFO ][][] =>Started JavaStudyApplication in 1.458 seconds (JVM running for 2.013)
[2021-04-22 20:51:37,072][main][manage-tax][com.zt.javastudy.JavaStudyApplication:34][main][INFO ][][] =>java-study ok.....
[2021-04-22 20:51:37,072][main][manage-tax][com.zt.javastudy.JavaStudyApplication:35][main][ERROR][][] =>slf4j ok.........
[2021-04-22 20:51:41,451][http-nio-19003-exec-2][manage-tax][org.apache.catalina.core.ContainerBase.[Tomcat].[localhost].[/]:173][log][INFO ][][] =>Initializing Spring DispatcherServlet 'dispatcherServlet'
[2021-04-22 20:51:41,452][http-nio-19003-exec-2][manage-tax][org.springframework.web.servlet.DispatcherServlet:525][initServletBean][INFO ][][] =>Initializing Servlet 'dispatcherServlet'
[2021-04-22 20:51:41,452][http-nio-19003-exec-2][manage-tax][org.springframework.web.servlet.DispatcherServlet:547][initServletBean][INFO ][][] =>Completed initialization in 0 ms
[2021-04-22 20:52:24,131][SpringContextShutdownHook][manage-tax][org.springframework.scheduling.concurrent.ThreadPoolTaskExecutor:218][shutdown][INFO ][][] =>Shutting down ExecutorService 'applicationTaskExecutor'
[2021-04-22 20:52:27,506][main][manage-tax][com.zt.javastudy.JavaStudyApplication:55][logStarting][INFO ][][] =>Starting JavaStudyApplication using Java 1.8.0_212 on jl-zhengtao with PID 31364 (D:\item\java-study\target\classes started by zhengtao in D:\item\java-study)
[2021-04-22 20:52:27,507][main][manage-tax][com.zt.javastudy.JavaStudyApplication:660][logStartupProfileInfo][INFO ][][] =>No active profile set, falling back to default profiles: default
[2021-04-22 20:52:28,241][main][manage-tax][org.springframework.boot.web.embedded.tomcat.TomcatWebServer:108][initialize][INFO ][][] =>Tomcat initialized with port(s): 19003 (http)
[2021-04-22 20:52:28,247][main][manage-tax][org.apache.coyote.http11.Http11NioProtocol:173][log][INFO ][][] =>Initializing ProtocolHandler ["http-nio-19003"]
[2021-04-22 20:52:28,247][main][manage-tax][org.apache.catalina.core.StandardService:173][log][INFO ][][] =>Starting service [Tomcat]
[2021-04-22 20:52:28,248][main][manage-tax][org.apache.catalina.core.StandardEngine:173][log][INFO ][][] =>Starting Servlet engine: [Apache Tomcat/9.0.39]
[2021-04-22 20:52:28,396][main][manage-tax][org.apache.catalina.core.ContainerBase.[Tomcat].[localhost].[/]:173][log][INFO ][][] =>Initializing Spring embedded WebApplicationContext
[2021-04-22 20:52:28,396][main][manage-tax][org.springframework.boot.web.servlet.context.ServletWebServerApplicationContext:289][prepareWebApplicationContext][INFO ][][] =>Root WebApplicationContext: initialization completed in 850 ms
[2021-04-22 20:52:28,545][main][manage-tax][org.springframework.scheduling.concurrent.ThreadPoolTaskExecutor:181][initialize][INFO ][][] =>Initializing ExecutorService 'applicationTaskExecutor'
[2021-04-22 20:52:28,690][main][manage-tax][org.apache.coyote.http11.Http11NioProtocol:173][log][INFO ][][] =>Starting ProtocolHandler ["http-nio-19003"]
[2021-04-22 20:52:28,711][main][manage-tax][org.springframework.boot.web.embedded.tomcat.TomcatWebServer:220][start][INFO ][][] =>Tomcat started on port(s): 19003 (http) with context path ''
[2021-04-22 20:52:28,719][main][manage-tax][com.zt.javastudy.JavaStudyApplication:61][logStarted][INFO ][][] =>Started JavaStudyApplication in 1.575 seconds (JVM running for 2.14)
[2021-04-22 20:52:28,721][main][manage-tax][com.zt.javastudy.JavaStudyApplication:34][main][INFO ][][] =>java-study ok.....
[2021-04-22 20:52:28,721][main][manage-tax][com.zt.javastudy.JavaStudyApplication:35][main][ERROR][][] =>slf4j ok.........
[2021-04-22 20:52:36,722][http-nio-19003-exec-2][manage-tax][org.apache.catalina.core.ContainerBase.[Tomcat].[localhost].[/]:173][log][INFO ][][] =>Initializing Spring DispatcherServlet 'dispatcherServlet'
[2021-04-22 20:52:36,722][http-nio-19003-exec-2][manage-tax][org.springframework.web.servlet.DispatcherServlet:525][initServletBean][INFO ][][] =>Initializing Servlet 'dispatcherServlet'
[2021-04-22 20:52:36,723][http-nio-19003-exec-2][manage-tax][org.springframework.web.servlet.DispatcherServlet:547][initServletBean][INFO ][][] =>Completed initialization in 1 ms
[2021-04-22 20:53:43,632][SpringContextShutdownHook][manage-tax][org.springframework.scheduling.concurrent.ThreadPoolTaskExecutor:218][shutdown][INFO ][][] =>Shutting down ExecutorService 'applicationTaskExecutor'
[2021-04-22 20:53:46,935][main][manage-tax][com.zt.javastudy.JavaStudyApplication:55][logStarting][INFO ][][] =>Starting JavaStudyApplication using Java 1.8.0_212 on jl-zhengtao with PID 36836 (D:\item\java-study\target\classes started by zhengtao in D:\item\java-study)
[2021-04-22 20:53:46,937][main][manage-tax][com.zt.javastudy.JavaStudyApplication:660][logStartupProfileInfo][INFO ][][] =>No active profile set, falling back to default profiles: default
[2021-04-22 20:53:47,566][main][manage-tax][org.springframework.boot.web.embedded.tomcat.TomcatWebServer:108][initialize][INFO ][][] =>Tomcat initialized with port(s): 19003 (http)
[2021-04-22 20:53:47,571][main][manage-tax][org.apache.coyote.http11.Http11NioProtocol:173][log][INFO ][][] =>Initializing ProtocolHandler ["http-nio-19003"]
[2021-04-22 20:53:47,572][main][manage-tax][org.apache.catalina.core.StandardService:173][log][INFO ][][] =>Starting service [Tomcat]
[2021-04-22 20:53:47,572][main][manage-tax][org.apache.catalina.core.StandardEngine:173][log][INFO ][][] =>Starting Servlet engine: [Apache Tomcat/9.0.39]
[2021-04-22 20:53:47,630][main][manage-tax][org.apache.catalina.core.ContainerBase.[Tomcat].[localhost].[/]:173][log][INFO ][][] =>Initializing Spring embedded WebApplicationContext
[2021-04-22 20:53:47,630][main][manage-tax][org.springframework.boot.web.servlet.context.ServletWebServerApplicationContext:289][prepareWebApplicationContext][INFO ][][] =>Root WebApplicationContext: initialization completed in 651 ms
[2021-04-22 20:53:47,764][main][manage-tax][org.springframework.scheduling.concurrent.ThreadPoolTaskExecutor:181][initialize][INFO ][][] =>Initializing ExecutorService 'applicationTaskExecutor'
[2021-04-22 20:53:47,890][main][manage-tax][org.apache.coyote.http11.Http11NioProtocol:173][log][INFO ][][] =>Starting ProtocolHandler ["http-nio-19003"]
[2021-04-22 20:53:47,906][main][manage-tax][org.springframework.boot.web.embedded.tomcat.TomcatWebServer:220][start][INFO ][][] =>Tomcat started on port(s): 19003 (http) with context path ''
[2021-04-22 20:53:47,913][main][manage-tax][com.zt.javastudy.JavaStudyApplication:61][logStarted][INFO ][][] =>Started JavaStudyApplication in 1.361 seconds (JVM running for 1.966)
[2021-04-22 20:53:47,915][main][manage-tax][com.zt.javastudy.JavaStudyApplication:34][main][INFO ][][] =>java-study ok.....
[2021-04-22 20:53:47,915][main][manage-tax][com.zt.javastudy.JavaStudyApplication:35][main][ERROR][][] =>slf4j ok.........
[2021-04-22 20:53:52,178][http-nio-19003-exec-2][manage-tax][org.apache.catalina.core.ContainerBase.[Tomcat].[localhost].[/]:173][log][INFO ][][] =>Initializing Spring DispatcherServlet 'dispatcherServlet'
[2021-04-22 20:53:52,179][http-nio-19003-exec-2][manage-tax][org.springframework.web.servlet.DispatcherServlet:525][initServletBean][INFO ][][] =>Initializing Servlet 'dispatcherServlet'
[2021-04-22 20:53:52,179][http-nio-19003-exec-2][manage-tax][org.springframework.web.servlet.DispatcherServlet:547][initServletBean][INFO ][][] =>Completed initialization in 0 ms
[2021-04-22 20:57:07,304][SpringContextShutdownHook][manage-tax][org.springframework.scheduling.concurrent.ThreadPoolTaskExecutor:218][shutdown][INFO ][][] =>Shutting down ExecutorService 'applicationTaskExecutor'
[2021-04-22 20:57:10,771][main][manage-tax][com.zt.javastudy.JavaStudyApplication:55][logStarting][INFO ][][] =>Starting JavaStudyApplication using Java 1.8.0_212 on jl-zhengtao with PID 21372 (D:\item\java-study\target\classes started by zhengtao in D:\item\java-study)
[2021-04-22 20:57:10,772][main][manage-tax][com.zt.javastudy.JavaStudyApplication:660][logStartupProfileInfo][INFO ][][] =>No active profile set, falling back to default profiles: default
[2021-04-22 20:57:11,338][main][manage-tax][org.springframework.boot.web.embedded.tomcat.TomcatWebServer:108][initialize][INFO ][][] =>Tomcat initialized with port(s): 19003 (http)
[2021-04-22 20:57:11,344][main][manage-tax][org.apache.coyote.http11.Http11NioProtocol:173][log][INFO ][][] =>Initializing ProtocolHandler ["http-nio-19003"]
[2021-04-22 20:57:11,344][main][manage-tax][org.apache.catalina.core.StandardService:173][log][INFO ][][] =>Starting service [Tomcat]
[2021-04-22 20:57:11,344][main][manage-tax][org.apache.catalina.core.StandardEngine:173][log][INFO ][][] =>Starting Servlet engine: [Apache Tomcat/9.0.39]
[2021-04-22 20:57:11,402][main][manage-tax][org.apache.catalina.core.ContainerBase.[Tomcat].[localhost].[/]:173][log][INFO ][][] =>Initializing Spring embedded WebApplicationContext
[2021-04-22 20:57:11,403][main][manage-tax][org.springframework.boot.web.servlet.context.ServletWebServerApplicationContext:289][prepareWebApplicationContext][INFO ][][] =>Root WebApplicationContext: initialization completed in 600 ms
[2021-04-22 20:57:11,553][main][manage-tax][org.springframework.scheduling.concurrent.ThreadPoolTaskExecutor:181][initialize][INFO ][][] =>Initializing ExecutorService 'applicationTaskExecutor'
[2021-04-22 20:57:11,683][main][manage-tax][org.apache.coyote.http11.Http11NioProtocol:173][log][INFO ][][] =>Starting ProtocolHandler ["http-nio-19003"]
[2021-04-22 20:57:11,700][main][manage-tax][org.springframework.boot.web.embedded.tomcat.TomcatWebServer:220][start][INFO ][][] =>Tomcat started on port(s): 19003 (http) with context path ''
[2021-04-22 20:57:11,706][main][manage-tax][com.zt.javastudy.JavaStudyApplication:61][logStarted][INFO ][][] =>Started JavaStudyApplication in 1.331 seconds (JVM running for 1.886)
[2021-04-22 20:57:11,708][main][manage-tax][com.zt.javastudy.JavaStudyApplication:34][main][INFO ][][] =>java-study ok.....
[2021-04-22 20:57:11,708][main][manage-tax][com.zt.javastudy.JavaStudyApplication:35][main][ERROR][][] =>slf4j ok.........
[2021-04-22 20:57:16,314][http-nio-19003-exec-2][manage-tax][org.apache.catalina.core.ContainerBase.[Tomcat].[localhost].[/]:173][log][INFO ][][] =>Initializing Spring DispatcherServlet 'dispatcherServlet'
[2021-04-22 20:57:16,314][http-nio-19003-exec-2][manage-tax][org.springframework.web.servlet.DispatcherServlet:525][initServletBean][INFO ][][] =>Initializing Servlet 'dispatcherServlet'
[2021-04-22 20:57:16,315][http-nio-19003-exec-2][manage-tax][org.springframework.web.servlet.DispatcherServlet:547][initServletBean][INFO ][][] =>Completed initialization in 1 ms
[2021-04-22 20:58:59,456][SpringContextShutdownHook][manage-tax][org.springframework.scheduling.concurrent.ThreadPoolTaskExecutor:218][shutdown][INFO ][][] =>Shutting down ExecutorService 'applicationTaskExecutor'
[2021-04-22 20:59:02,994][main][manage-tax][com.zt.javastudy.JavaStudyApplication:55][logStarting][INFO ][][] =>Starting JavaStudyApplication using Java 1.8.0_212 on jl-zhengtao with PID 25200 (D:\item\java-study\target\classes started by zhengtao in D:\item\java-study)
[2021-04-22 20:59:02,996][main][manage-tax][com.zt.javastudy.JavaStudyApplication:660][logStartupProfileInfo][INFO ][][] =>No active profile set, falling back to default profiles: default
[2021-04-22 20:59:03,552][main][manage-tax][org.springframework.boot.web.embedded.tomcat.TomcatWebServer:108][initialize][INFO ][][] =>Tomcat initialized with port(s): 19003 (http)
[2021-04-22 20:59:03,558][main][manage-tax][org.apache.coyote.http11.Http11NioProtocol:173][log][INFO ][][] =>Initializing ProtocolHandler ["http-nio-19003"]
[2021-04-22 20:59:03,559][main][manage-tax][org.apache.catalina.core.StandardService:173][log][INFO ][][] =>Starting service [Tomcat]
[2021-04-22 20:59:03,559][main][manage-tax][org.apache.catalina.core.StandardEngine:173][log][INFO ][][] =>Starting Servlet engine: [Apache Tomcat/9.0.39]
[2021-04-22 20:59:03,617][main][manage-tax][org.apache.catalina.core.ContainerBase.[Tomcat].[localhost].[/]:173][log][INFO ][][] =>Initializing Spring embedded WebApplicationContext
[2021-04-22 20:59:03,618][main][manage-tax][org.springframework.boot.web.servlet.context.ServletWebServerApplicationContext:289][prepareWebApplicationContext][INFO ][][] =>Root WebApplicationContext: initialization completed in 589 ms
[2021-04-22 20:59:03,756][main][manage-tax][org.springframework.scheduling.concurrent.ThreadPoolTaskExecutor:181][initialize][INFO ][][] =>Initializing ExecutorService 'applicationTaskExecutor'
[2021-04-22 20:59:03,898][main][manage-tax][org.apache.coyote.http11.Http11NioProtocol:173][log][INFO ][][] =>Starting ProtocolHandler ["http-nio-19003"]
[2021-04-22 20:59:03,915][main][manage-tax][org.springframework.boot.web.embedded.tomcat.TomcatWebServer:220][start][INFO ][][] =>Tomcat started on port(s): 19003 (http) with context path ''
[2021-04-22 20:59:03,922][main][manage-tax][com.zt.javastudy.JavaStudyApplication:61][logStarted][INFO ][][] =>Started JavaStudyApplication in 1.299 seconds (JVM running for 1.852)
[2021-04-22 20:59:03,923][main][manage-tax][com.zt.javastudy.JavaStudyApplication:34][main][INFO ][][] =>java-study ok.....
[2021-04-22 20:59:03,923][main][manage-tax][com.zt.javastudy.JavaStudyApplication:35][main][ERROR][][] =>slf4j ok.........
[2021-04-22 20:59:13,103][http-nio-19003-exec-2][manage-tax][org.apache.catalina.core.ContainerBase.[Tomcat].[localhost].[/]:173][log][INFO ][][] =>Initializing Spring DispatcherServlet 'dispatcherServlet'
[2021-04-22 20:59:13,104][http-nio-19003-exec-2][manage-tax][org.springframework.web.servlet.DispatcherServlet:525][initServletBean][INFO ][][] =>Initializing Servlet 'dispatcherServlet'
[2021-04-22 20:59:13,104][http-nio-19003-exec-2][manage-tax][org.springframework.web.servlet.DispatcherServlet:547][initServletBean][INFO ][][] =>Completed initialization in 0 ms
[2021-04-22 21:02:19,380][SpringContextShutdownHook][manage-tax][org.springframework.scheduling.concurrent.ThreadPoolTaskExecutor:218][shutdown][INFO ][][] =>Shutting down ExecutorService 'applicationTaskExecutor'
[2021-04-22 21:02:22,999][main][manage-tax][com.zt.javastudy.JavaStudyApplication:55][logStarting][INFO ][][] =>Starting JavaStudyApplication using Java 1.8.0_212 on jl-zhengtao with PID 27108 (D:\item\java-study\target\classes started by zhengtao in D:\item\java-study)
[2021-04-22 21:02:23,001][main][manage-tax][com.zt.javastudy.JavaStudyApplication:660][logStartupProfileInfo][INFO ][][] =>No active profile set, falling back to default profiles: default
[2021-04-22 21:02:23,578][main][manage-tax][org.springframework.boot.web.embedded.tomcat.TomcatWebServer:108][initialize][INFO ][][] =>Tomcat initialized with port(s): 19003 (http)
[2021-04-22 21:02:23,583][main][manage-tax][org.apache.coyote.http11.Http11NioProtocol:173][log][INFO ][][] =>Initializing ProtocolHandler ["http-nio-19003"]
[2021-04-22 21:02:23,584][main][manage-tax][org.apache.catalina.core.StandardService:173][log][INFO ][][] =>Starting service [Tomcat]
[2021-04-22 21:02:23,584][main][manage-tax][org.apache.catalina.core.StandardEngine:173][log][INFO ][][] =>Starting Servlet engine: [Apache Tomcat/9.0.39]
[2021-04-22 21:02:23,641][main][manage-tax][org.apache.catalina.core.ContainerBase.[Tomcat].[localhost].[/]:173][log][INFO ][][] =>Initializing Spring embedded WebApplicationContext
[2021-04-22 21:02:23,641][main][manage-tax][org.springframework.boot.web.servlet.context.ServletWebServerApplicationContext:289][prepareWebApplicationContext][INFO ][][] =>Root WebApplicationContext: initialization completed in 609 ms
[2021-04-22 21:02:23,774][main][manage-tax][org.springframework.scheduling.concurrent.ThreadPoolTaskExecutor:181][initialize][INFO ][][] =>Initializing ExecutorService 'applicationTaskExecutor'
[2021-04-22 21:02:23,915][main][manage-tax][org.apache.coyote.http11.Http11NioProtocol:173][log][INFO ][][] =>Starting ProtocolHandler ["http-nio-19003"]
[2021-04-22 21:02:23,934][main][manage-tax][org.springframework.boot.web.embedded.tomcat.TomcatWebServer:220][start][INFO ][][] =>Tomcat started on port(s): 19003 (http) with context path ''
[2021-04-22 21:02:23,940][main][manage-tax][com.zt.javastudy.JavaStudyApplication:61][logStarted][INFO ][][] =>Started JavaStudyApplication in 1.369 seconds (JVM running for 1.921)
[2021-04-22 21:02:23,942][main][manage-tax][com.zt.javastudy.JavaStudyApplication:34][main][INFO ][][] =>java-study ok.....
[2021-04-22 21:02:23,942][main][manage-tax][com.zt.javastudy.JavaStudyApplication:35][main][ERROR][][] =>slf4j ok.........
[2021-04-22 21:02:30,204][http-nio-19003-exec-1][manage-tax][org.apache.catalina.core.ContainerBase.[Tomcat].[localhost].[/]:173][log][INFO ][][] =>Initializing Spring DispatcherServlet 'dispatcherServlet'
[2021-04-22 21:02:30,204][http-nio-19003-exec-1][manage-tax][org.springframework.web.servlet.DispatcherServlet:525][initServletBean][INFO ][][] =>Initializing Servlet 'dispatcherServlet'
[2021-04-22 21:02:30,205][http-nio-19003-exec-1][manage-tax][org.springframework.web.servlet.DispatcherServlet:547][initServletBean][INFO ][][] =>Completed initialization in 1 ms
[2021-04-22 21:02:44,816][SpringContextShutdownHook][manage-tax][org.springframework.scheduling.concurrent.ThreadPoolTaskExecutor:218][shutdown][INFO ][][] =>Shutting down ExecutorService 'applicationTaskExecutor'
[2021-04-22 21:02:48,187][main][manage-tax][com.zt.javastudy.JavaStudyApplication:55][logStarting][INFO ][][] =>Starting JavaStudyApplication using Java 1.8.0_212 on jl-zhengtao with PID 11364 (D:\item\java-study\target\classes started by zhengtao in D:\item\java-study)
[2021-04-22 21:02:48,188][main][manage-tax][com.zt.javastudy.JavaStudyApplication:660][logStartupProfileInfo][INFO ][][] =>No active profile set, falling back to default profiles: default
[2021-04-22 21:02:48,760][main][manage-tax][org.springframework.boot.web.embedded.tomcat.TomcatWebServer:108][initialize][INFO ][][] =>Tomcat initialized with port(s): 19003 (http)
[2021-04-22 21:02:48,765][main][manage-tax][org.apache.coyote.http11.Http11NioProtocol:173][log][INFO ][][] =>Initializing ProtocolHandler ["http-nio-19003"]
[2021-04-22 21:02:48,766][main][manage-tax][org.apache.catalina.core.StandardService:173][log][INFO ][][] =>Starting service [Tomcat]
[2021-04-22 21:02:48,766][main][manage-tax][org.apache.catalina.core.StandardEngine:173][log][INFO ][][] =>Starting Servlet engine: [Apache Tomcat/9.0.39]
[2021-04-22 21:02:48,823][main][manage-tax][org.apache.catalina.core.ContainerBase.[Tomcat].[localhost].[/]:173][log][INFO ][][] =>Initializing Spring embedded WebApplicationContext
[2021-04-22 21:02:48,823][main][manage-tax][org.springframework.boot.web.servlet.context.ServletWebServerApplicationContext:289][prepareWebApplicationContext][INFO ][][] =>Root WebApplicationContext: initialization completed in 601 ms
[2021-04-22 21:02:48,955][main][manage-tax][org.springframework.scheduling.concurrent.ThreadPoolTaskExecutor:181][initialize][INFO ][][] =>Initializing ExecutorService 'applicationTaskExecutor'
[2021-04-22 21:02:49,092][main][manage-tax][org.apache.coyote.http11.Http11NioProtocol:173][log][INFO ][][] =>Starting ProtocolHandler ["http-nio-19003"]
[2021-04-22 21:02:49,111][main][manage-tax][org.springframework.boot.web.embedded.tomcat.TomcatWebServer:220][start][INFO ][][] =>Tomcat started on port(s): 19003 (http) with context path ''
[2021-04-22 21:02:49,119][main][manage-tax][com.zt.javastudy.JavaStudyApplication:61][logStarted][INFO ][][] =>Started JavaStudyApplication in 1.312 seconds (JVM running for 1.85)
[2021-04-22 21:02:49,121][main][manage-tax][com.zt.javastudy.JavaStudyApplication:34][main][INFO ][][] =>java-study ok.....
[2021-04-22 21:02:49,121][main][manage-tax][com.zt.javastudy.JavaStudyApplication:35][main][ERROR][][] =>slf4j ok.........
[2021-04-22 21:02:55,400][http-nio-19003-exec-1][manage-tax][org.apache.catalina.core.ContainerBase.[Tomcat].[localhost].[/]:173][log][INFO ][][] =>Initializing Spring DispatcherServlet 'dispatcherServlet'
[2021-04-22 21:02:55,400][http-nio-19003-exec-1][manage-tax][org.springframework.web.servlet.DispatcherServlet:525][initServletBean][INFO ][][] =>Initializing Servlet 'dispatcherServlet'
[2021-04-22 21:02:55,400][http-nio-19003-exec-1][manage-tax][org.springframework.web.servlet.DispatcherServlet:547][initServletBean][INFO ][][] =>Completed initialization in 0 ms
