[2021-08-13 11:39:00,334][main][manage-tax][com.zt.javastudy.JavaStudyApplication:55][logStarting][INFO ][][] =>Starting JavaStudyApplication using Java 1.8.0_212 on jl-zhengtao with PID 9176 (D:\item\java-study\target\classes started by zhengtao in D:\item\java-study)
[2021-08-13 11:39:00,335][main][manage-tax][com.zt.javastudy.JavaStudyApplication:664][logStartupProfileInfo][INFO ][][] =>The following profiles are active: dev
[2021-08-13 11:39:02,138][main][manage-tax][org.springframework.boot.web.embedded.tomcat.TomcatWebServer:108][initialize][INFO ][][] =>Tomcat initialized with port(s): 19003 (http)
[2021-08-13 11:39:02,147][main][manage-tax][org.apache.coyote.http11.Http11NioProtocol:173][log][INFO ][][] =>Initializing ProtocolHandler ["http-nio-19003"]
[2021-08-13 11:39:02,148][main][manage-tax][org.apache.catalina.core.StandardService:173][log][INFO ][][] =>Starting service [Tomcat]
[2021-08-13 11:39:02,148][main][manage-tax][org.apache.catalina.core.StandardEngine:173][log][INFO ][][] =>Starting Servlet engine: [Apache Tomcat/9.0.39]
[2021-08-13 11:39:02,386][main][manage-tax][org.apache.catalina.core.ContainerBase.[Tomcat].[localhost].[/]:173][log][INFO ][][] =>Initializing Spring embedded WebApplicationContext
[2021-08-13 11:39:02,386][main][manage-tax][org.springframework.boot.web.servlet.context.ServletWebServerApplicationContext:289][prepareWebApplicationContext][INFO ][][] =>Root WebApplicationContext: initialization completed in 1993 ms
[2021-08-13 11:39:02,627][main][manage-tax][org.springframework.scheduling.concurrent.ThreadPoolTaskExecutor:181][initialize][INFO ][][] =>Initializing ExecutorService 'applicationTaskExecutor'
[2021-08-13 11:39:02,817][main][manage-tax][org.thymeleaf.templatemode.TemplateMode:150][parse][WARN ][][] =>[THYMELEAF][main] Template Mode 'HTML5' is deprecated. Using Template Mode 'HTML' instead.
[2021-08-13 11:39:03,399][main][manage-tax][org.yeauty.standard.ServerEndpointExporter:77][init][INFO ][][] =>[34mNetty WebSocket started on port: 8086 with context path(s): '/imserver/{clientOrderId}' .[0m
[2021-08-13 11:39:03,405][main][manage-tax][org.apache.coyote.http11.Http11NioProtocol:173][log][INFO ][][] =>Starting ProtocolHandler ["http-nio-19003"]
[2021-08-13 11:39:03,418][main][manage-tax][org.springframework.boot.web.embedded.tomcat.TomcatWebServer:220][start][INFO ][][] =>Tomcat started on port(s): 19003 (http) with context path ''
[2021-08-13 11:39:03,438][main][manage-tax][com.zt.javastudy.JavaStudyApplication:61][logStarted][INFO ][][] =>Started JavaStudyApplication in 3.702 seconds (JVM running for 5.05)
[2021-08-13 11:39:03,441][main][manage-tax][com.zt.javastudy.JavaStudyApplication:34][main][INFO ][][] =>java-study ok.....
[2021-08-13 11:39:03,442][main][manage-tax][com.zt.javastudy.JavaStudyApplication:35][main][ERROR][][] =>slf4j ok.........
[2021-08-13 11:40:42,974][http-nio-19003-exec-1][manage-tax][org.apache.catalina.core.ContainerBase.[Tomcat].[localhost].[/]:173][log][INFO ][][] =>Initializing Spring DispatcherServlet 'dispatcherServlet'
[2021-08-13 11:40:42,974][http-nio-19003-exec-1][manage-tax][org.springframework.web.servlet.DispatcherServlet:525][initServletBean][INFO ][][] =>Initializing Servlet 'dispatcherServlet'
[2021-08-13 11:40:42,975][http-nio-19003-exec-1][manage-tax][org.springframework.web.servlet.DispatcherServlet:547][initServletBean][INFO ][][] =>Completed initialization in 1 ms
[2021-08-13 15:00:12,015][main][manage-tax][com.zt.javastudy.JavaStudyApplication:55][logStarting][INFO ][][] =>Starting JavaStudyApplication using Java 1.8.0_212 on jl-zhengtao with PID 30476 (D:\item\java-study\target\classes started by zhengtao in D:\item\java-study)
[2021-08-13 15:00:12,016][main][manage-tax][com.zt.javastudy.JavaStudyApplication:664][logStartupProfileInfo][INFO ][][] =>The following profiles are active: dev
[2021-08-13 15:00:13,091][main][manage-tax][org.springframework.boot.web.embedded.tomcat.TomcatWebServer:108][initialize][INFO ][][] =>Tomcat initialized with port(s): 19003 (http)
[2021-08-13 15:00:13,099][main][manage-tax][org.apache.coyote.http11.Http11NioProtocol:173][log][INFO ][][] =>Initializing ProtocolHandler ["http-nio-19003"]
[2021-08-13 15:00:13,100][main][manage-tax][org.apache.catalina.core.StandardService:173][log][INFO ][][] =>Starting service [Tomcat]
[2021-08-13 15:00:13,100][main][manage-tax][org.apache.catalina.core.StandardEngine:173][log][INFO ][][] =>Starting Servlet engine: [Apache Tomcat/9.0.39]
[2021-08-13 15:00:13,259][main][manage-tax][org.apache.catalina.core.ContainerBase.[Tomcat].[localhost].[/]:173][log][INFO ][][] =>Initializing Spring embedded WebApplicationContext
[2021-08-13 15:00:13,260][main][manage-tax][org.springframework.boot.web.servlet.context.ServletWebServerApplicationContext:289][prepareWebApplicationContext][INFO ][][] =>Root WebApplicationContext: initialization completed in 1209 ms
[2021-08-13 15:00:13,466][main][manage-tax][org.springframework.scheduling.concurrent.ThreadPoolTaskExecutor:181][initialize][INFO ][][] =>Initializing ExecutorService 'applicationTaskExecutor'
[2021-08-13 15:00:13,625][main][manage-tax][org.thymeleaf.templatemode.TemplateMode:150][parse][WARN ][][] =>[THYMELEAF][main] Template Mode 'HTML5' is deprecated. Using Template Mode 'HTML' instead.
[2021-08-13 15:00:14,003][main][manage-tax][org.yeauty.standard.ServerEndpointExporter:77][init][INFO ][][] =>[34mNetty WebSocket started on port: 8086 with context path(s): '/imserver/{clientOrderId}' .[0m
[2021-08-13 15:00:14,008][main][manage-tax][org.apache.coyote.http11.Http11NioProtocol:173][log][INFO ][][] =>Starting ProtocolHandler ["http-nio-19003"]
[2021-08-13 15:00:14,018][main][manage-tax][org.springframework.boot.web.embedded.tomcat.TomcatWebServer:220][start][INFO ][][] =>Tomcat started on port(s): 19003 (http) with context path ''
[2021-08-13 15:00:14,026][main][manage-tax][com.zt.javastudy.JavaStudyApplication:61][logStarted][INFO ][][] =>Started JavaStudyApplication in 2.455 seconds (JVM running for 3.241)
[2021-08-13 15:00:14,029][main][manage-tax][com.zt.javastudy.JavaStudyApplication:34][main][INFO ][][] =>java-study ok.....
[2021-08-13 15:00:14,029][main][manage-tax][com.zt.javastudy.JavaStudyApplication:35][main][ERROR][][] =>slf4j ok.........
[2021-08-13 15:00:45,158][http-nio-19003-exec-1][manage-tax][org.apache.catalina.core.ContainerBase.[Tomcat].[localhost].[/]:173][log][INFO ][][] =>Initializing Spring DispatcherServlet 'dispatcherServlet'
[2021-08-13 15:00:45,158][http-nio-19003-exec-1][manage-tax][org.springframework.web.servlet.DispatcherServlet:525][initServletBean][INFO ][][] =>Initializing Servlet 'dispatcherServlet'
[2021-08-13 15:00:45,159][http-nio-19003-exec-1][manage-tax][org.springframework.web.servlet.DispatcherServlet:547][initServletBean][INFO ][][] =>Completed initialization in 1 ms
[2021-08-13 16:40:01,074][SpringContextShutdownHook][manage-tax][org.springframework.scheduling.concurrent.ThreadPoolTaskExecutor:218][shutdown][INFO ][][] =>Shutting down ExecutorService 'applicationTaskExecutor'
[2021-08-13 16:40:10,764][main][manage-tax][com.zt.javastudy.JavaStudyApplication:55][logStarting][INFO ][][] =>Starting JavaStudyApplication using Java 1.8.0_212 on jl-zhengtao with PID 29968 (D:\item\java-study\target\classes started by zhengtao in D:\item\java-study)
[2021-08-13 16:40:10,765][main][manage-tax][com.zt.javastudy.JavaStudyApplication:664][logStartupProfileInfo][INFO ][][] =>The following profiles are active: dev
[2021-08-13 16:40:12,094][main][manage-tax][org.springframework.boot.web.embedded.tomcat.TomcatWebServer:108][initialize][INFO ][][] =>Tomcat initialized with port(s): 19003 (http)
[2021-08-13 16:40:12,133][main][manage-tax][org.apache.coyote.http11.Http11NioProtocol:173][log][INFO ][][] =>Initializing ProtocolHandler ["http-nio-19003"]
[2021-08-13 16:40:12,133][main][manage-tax][org.apache.catalina.core.StandardService:173][log][INFO ][][] =>Starting service [Tomcat]
[2021-08-13 16:40:12,133][main][manage-tax][org.apache.catalina.core.StandardEngine:173][log][INFO ][][] =>Starting Servlet engine: [Apache Tomcat/9.0.39]
[2021-08-13 16:40:12,292][main][manage-tax][org.apache.catalina.core.ContainerBase.[Tomcat].[localhost].[/]:173][log][INFO ][][] =>Initializing Spring embedded WebApplicationContext
[2021-08-13 16:40:12,292][main][manage-tax][org.springframework.boot.web.servlet.context.ServletWebServerApplicationContext:289][prepareWebApplicationContext][INFO ][][] =>Root WebApplicationContext: initialization completed in 1479 ms
[2021-08-13 16:40:12,492][main][manage-tax][org.springframework.scheduling.concurrent.ThreadPoolTaskExecutor:181][initialize][INFO ][][] =>Initializing ExecutorService 'applicationTaskExecutor'
[2021-08-13 16:40:12,656][main][manage-tax][org.thymeleaf.templatemode.TemplateMode:150][parse][WARN ][][] =>[THYMELEAF][main] Template Mode 'HTML5' is deprecated. Using Template Mode 'HTML' instead.
[2021-08-13 16:40:13,016][main][manage-tax][org.yeauty.standard.ServerEndpointExporter:77][init][INFO ][][] =>[34mNetty WebSocket started on port: 8086 with context path(s): '/imserver/{clientOrderId}' .[0m
[2021-08-13 16:40:13,020][main][manage-tax][org.apache.coyote.http11.Http11NioProtocol:173][log][INFO ][][] =>Starting ProtocolHandler ["http-nio-19003"]
[2021-08-13 16:40:13,029][main][manage-tax][org.springframework.boot.web.embedded.tomcat.TomcatWebServer:220][start][INFO ][][] =>Tomcat started on port(s): 19003 (http) with context path ''
[2021-08-13 16:40:13,036][main][manage-tax][com.zt.javastudy.JavaStudyApplication:61][logStarted][INFO ][][] =>Started JavaStudyApplication in 3.289 seconds (JVM running for 4.834)
[2021-08-13 16:40:13,038][main][manage-tax][com.zt.javastudy.JavaStudyApplication:34][main][INFO ][][] =>java-study ok.....
[2021-08-13 16:40:13,038][main][manage-tax][com.zt.javastudy.JavaStudyApplication:35][main][ERROR][][] =>slf4j ok.........
[2021-08-13 16:40:21,236][http-nio-19003-exec-1][manage-tax][org.apache.catalina.core.ContainerBase.[Tomcat].[localhost].[/]:173][log][INFO ][][] =>Initializing Spring DispatcherServlet 'dispatcherServlet'
[2021-08-13 16:40:21,236][http-nio-19003-exec-1][manage-tax][org.springframework.web.servlet.DispatcherServlet:525][initServletBean][INFO ][][] =>Initializing Servlet 'dispatcherServlet'
[2021-08-13 16:40:21,236][http-nio-19003-exec-1][manage-tax][org.springframework.web.servlet.DispatcherServlet:547][initServletBean][INFO ][][] =>Completed initialization in 0 ms
[2021-08-13 17:01:23,271][SpringContextShutdownHook][manage-tax][org.springframework.scheduling.concurrent.ThreadPoolTaskExecutor:218][shutdown][INFO ][][] =>Shutting down ExecutorService 'applicationTaskExecutor'
[2021-08-13 17:01:31,689][main][manage-tax][com.zt.javastudy.JavaStudyApplication:55][logStarting][INFO ][][] =>Starting JavaStudyApplication using Java 1.8.0_212 on jl-zhengtao with PID 28820 (D:\item\java-study\target\classes started by zhengtao in D:\item\java-study)
[2021-08-13 17:01:31,691][main][manage-tax][com.zt.javastudy.JavaStudyApplication:664][logStartupProfileInfo][INFO ][][] =>The following profiles are active: dev
[2021-08-13 17:01:33,027][main][manage-tax][org.springframework.boot.web.embedded.tomcat.TomcatWebServer:108][initialize][INFO ][][] =>Tomcat initialized with port(s): 19003 (http)
[2021-08-13 17:01:33,034][main][manage-tax][org.apache.coyote.http11.Http11NioProtocol:173][log][INFO ][][] =>Initializing ProtocolHandler ["http-nio-19003"]
[2021-08-13 17:01:33,034][main][manage-tax][org.apache.catalina.core.StandardService:173][log][INFO ][][] =>Starting service [Tomcat]
[2021-08-13 17:01:33,034][main][manage-tax][org.apache.catalina.core.StandardEngine:173][log][INFO ][][] =>Starting Servlet engine: [Apache Tomcat/9.0.39]
[2021-08-13 17:01:33,164][main][manage-tax][org.apache.catalina.core.ContainerBase.[Tomcat].[localhost].[/]:173][log][INFO ][][] =>Initializing Spring embedded WebApplicationContext
[2021-08-13 17:01:33,165][main][manage-tax][org.springframework.boot.web.servlet.context.ServletWebServerApplicationContext:289][prepareWebApplicationContext][INFO ][][] =>Root WebApplicationContext: initialization completed in 1424 ms
[2021-08-13 17:01:33,348][main][manage-tax][org.springframework.scheduling.concurrent.ThreadPoolTaskExecutor:181][initialize][INFO ][][] =>Initializing ExecutorService 'applicationTaskExecutor'
[2021-08-13 17:01:33,495][main][manage-tax][org.thymeleaf.templatemode.TemplateMode:150][parse][WARN ][][] =>[THYMELEAF][main] Template Mode 'HTML5' is deprecated. Using Template Mode 'HTML' instead.
[2021-08-13 17:01:33,852][main][manage-tax][org.yeauty.standard.ServerEndpointExporter:77][init][INFO ][][] =>[34mNetty WebSocket started on port: 8086 with context path(s): '/imserver/{clientOrderId}' .[0m
[2021-08-13 17:01:33,857][main][manage-tax][org.apache.coyote.http11.Http11NioProtocol:173][log][INFO ][][] =>Starting ProtocolHandler ["http-nio-19003"]
[2021-08-13 17:01:33,866][main][manage-tax][org.springframework.boot.web.embedded.tomcat.TomcatWebServer:220][start][INFO ][][] =>Tomcat started on port(s): 19003 (http) with context path ''
[2021-08-13 17:01:33,873][main][manage-tax][com.zt.javastudy.JavaStudyApplication:61][logStarted][INFO ][][] =>Started JavaStudyApplication in 2.8 seconds (JVM running for 3.857)
[2021-08-13 17:01:33,874][main][manage-tax][com.zt.javastudy.JavaStudyApplication:34][main][INFO ][][] =>java-study ok.....
[2021-08-13 17:01:33,874][main][manage-tax][com.zt.javastudy.JavaStudyApplication:35][main][ERROR][][] =>slf4j ok.........
[2021-08-13 17:01:42,864][http-nio-19003-exec-1][manage-tax][org.apache.catalina.core.ContainerBase.[Tomcat].[localhost].[/]:173][log][INFO ][][] =>Initializing Spring DispatcherServlet 'dispatcherServlet'
[2021-08-13 17:01:42,864][http-nio-19003-exec-1][manage-tax][org.springframework.web.servlet.DispatcherServlet:525][initServletBean][INFO ][][] =>Initializing Servlet 'dispatcherServlet'
[2021-08-13 17:01:42,865][http-nio-19003-exec-1][manage-tax][org.springframework.web.servlet.DispatcherServlet:547][initServletBean][INFO ][][] =>Completed initialization in 1 ms
[2021-08-13 17:10:09,969][SpringContextShutdownHook][manage-tax][org.springframework.scheduling.concurrent.ThreadPoolTaskExecutor:218][shutdown][INFO ][][] =>Shutting down ExecutorService 'applicationTaskExecutor'
[2021-08-13 17:10:17,076][main][manage-tax][com.zt.javastudy.JavaStudyApplication:55][logStarting][INFO ][][] =>Starting JavaStudyApplication using Java 1.8.0_212 on jl-zhengtao with PID 18308 (D:\item\java-study\target\classes started by zhengtao in D:\item\java-study)
[2021-08-13 17:10:17,077][main][manage-tax][com.zt.javastudy.JavaStudyApplication:664][logStartupProfileInfo][INFO ][][] =>The following profiles are active: dev
[2021-08-13 17:10:18,304][main][manage-tax][org.springframework.boot.web.embedded.tomcat.TomcatWebServer:108][initialize][INFO ][][] =>Tomcat initialized with port(s): 19003 (http)
[2021-08-13 17:10:18,313][main][manage-tax][org.apache.coyote.http11.Http11NioProtocol:173][log][INFO ][][] =>Initializing ProtocolHandler ["http-nio-19003"]
[2021-08-13 17:10:18,313][main][manage-tax][org.apache.catalina.core.StandardService:173][log][INFO ][][] =>Starting service [Tomcat]
[2021-08-13 17:10:18,313][main][manage-tax][org.apache.catalina.core.StandardEngine:173][log][INFO ][][] =>Starting Servlet engine: [Apache Tomcat/9.0.39]
[2021-08-13 17:10:18,430][main][manage-tax][org.apache.catalina.core.ContainerBase.[Tomcat].[localhost].[/]:173][log][INFO ][][] =>Initializing Spring embedded WebApplicationContext
[2021-08-13 17:10:18,430][main][manage-tax][org.springframework.boot.web.servlet.context.ServletWebServerApplicationContext:289][prepareWebApplicationContext][INFO ][][] =>Root WebApplicationContext: initialization completed in 1303 ms
[2021-08-13 17:10:18,616][main][manage-tax][org.springframework.scheduling.concurrent.ThreadPoolTaskExecutor:181][initialize][INFO ][][] =>Initializing ExecutorService 'applicationTaskExecutor'
[2021-08-13 17:10:18,748][main][manage-tax][org.thymeleaf.templatemode.TemplateMode:150][parse][WARN ][][] =>[THYMELEAF][main] Template Mode 'HTML5' is deprecated. Using Template Mode 'HTML' instead.
[2021-08-13 17:10:19,091][main][manage-tax][org.yeauty.standard.ServerEndpointExporter:77][init][INFO ][][] =>[34mNetty WebSocket started on port: 8086 with context path(s): '/imserver/{clientOrderId}' .[0m
[2021-08-13 17:10:19,096][main][manage-tax][org.apache.coyote.http11.Http11NioProtocol:173][log][INFO ][][] =>Starting ProtocolHandler ["http-nio-19003"]
[2021-08-13 17:10:19,105][main][manage-tax][org.springframework.boot.web.embedded.tomcat.TomcatWebServer:220][start][INFO ][][] =>Tomcat started on port(s): 19003 (http) with context path ''
[2021-08-13 17:10:19,113][main][manage-tax][com.zt.javastudy.JavaStudyApplication:61][logStarted][INFO ][][] =>Started JavaStudyApplication in 2.564 seconds (JVM running for 3.302)
[2021-08-13 17:10:19,114][main][manage-tax][com.zt.javastudy.JavaStudyApplication:34][main][INFO ][][] =>java-study ok.....
[2021-08-13 17:10:19,114][main][manage-tax][com.zt.javastudy.JavaStudyApplication:35][main][ERROR][][] =>slf4j ok.........
[2021-08-13 17:10:34,372][http-nio-19003-exec-1][manage-tax][org.apache.catalina.core.ContainerBase.[Tomcat].[localhost].[/]:173][log][INFO ][][] =>Initializing Spring DispatcherServlet 'dispatcherServlet'
[2021-08-13 17:10:34,372][http-nio-19003-exec-1][manage-tax][org.springframework.web.servlet.DispatcherServlet:525][initServletBean][INFO ][][] =>Initializing Servlet 'dispatcherServlet'
[2021-08-13 17:10:34,373][http-nio-19003-exec-1][manage-tax][org.springframework.web.servlet.DispatcherServlet:547][initServletBean][INFO ][][] =>Completed initialization in 1 ms
[2021-08-13 17:28:08,822][SpringContextShutdownHook][manage-tax][org.springframework.scheduling.concurrent.ThreadPoolTaskExecutor:218][shutdown][INFO ][][] =>Shutting down ExecutorService 'applicationTaskExecutor'
[2021-08-13 17:28:18,600][main][manage-tax][com.zt.javastudy.JavaStudyApplication:55][logStarting][INFO ][][] =>Starting JavaStudyApplication using Java 1.8.0_212 on jl-zhengtao with PID 19980 (D:\item\java-study\target\classes started by zhengtao in D:\item\java-study)
[2021-08-13 17:28:18,601][main][manage-tax][com.zt.javastudy.JavaStudyApplication:664][logStartupProfileInfo][INFO ][][] =>The following profiles are active: dev
[2021-08-13 17:28:19,940][main][manage-tax][org.springframework.boot.web.embedded.tomcat.TomcatWebServer:108][initialize][INFO ][][] =>Tomcat initialized with port(s): 19003 (http)
[2021-08-13 17:28:20,074][main][manage-tax][org.apache.coyote.http11.Http11NioProtocol:173][log][INFO ][][] =>Initializing ProtocolHandler ["http-nio-19003"]
[2021-08-13 17:28:20,075][main][manage-tax][org.apache.catalina.core.StandardService:173][log][INFO ][][] =>Starting service [Tomcat]
[2021-08-13 17:28:20,075][main][manage-tax][org.apache.catalina.core.StandardEngine:173][log][INFO ][][] =>Starting Servlet engine: [Apache Tomcat/9.0.39]
[2021-08-13 17:28:20,539][main][manage-tax][org.apache.catalina.core.ContainerBase.[Tomcat].[localhost].[/]:173][log][INFO ][][] =>Initializing Spring embedded WebApplicationContext
[2021-08-13 17:28:20,539][main][manage-tax][org.springframework.boot.web.servlet.context.ServletWebServerApplicationContext:289][prepareWebApplicationContext][INFO ][][] =>Root WebApplicationContext: initialization completed in 1901 ms
[2021-08-13 17:28:20,733][main][manage-tax][org.springframework.scheduling.concurrent.ThreadPoolTaskExecutor:181][initialize][INFO ][][] =>Initializing ExecutorService 'applicationTaskExecutor'
[2021-08-13 17:28:20,871][main][manage-tax][org.thymeleaf.templatemode.TemplateMode:150][parse][WARN ][][] =>[THYMELEAF][main] Template Mode 'HTML5' is deprecated. Using Template Mode 'HTML' instead.
[2021-08-13 17:28:21,223][main][manage-tax][org.yeauty.standard.ServerEndpointExporter:77][init][INFO ][][] =>[34mNetty WebSocket started on port: 8086 with context path(s): '/imserver/{clientOrderId}' .[0m
[2021-08-13 17:28:21,228][main][manage-tax][org.apache.coyote.http11.Http11NioProtocol:173][log][INFO ][][] =>Starting ProtocolHandler ["http-nio-19003"]
[2021-08-13 17:28:21,238][main][manage-tax][org.springframework.boot.web.embedded.tomcat.TomcatWebServer:220][start][INFO ][][] =>Tomcat started on port(s): 19003 (http) with context path ''
[2021-08-13 17:28:21,245][main][manage-tax][com.zt.javastudy.JavaStudyApplication:61][logStarted][INFO ][][] =>Started JavaStudyApplication in 3.363 seconds (JVM running for 4.432)
[2021-08-13 17:28:21,247][main][manage-tax][com.zt.javastudy.JavaStudyApplication:34][main][INFO ][][] =>java-study ok.....
[2021-08-13 17:28:21,247][main][manage-tax][com.zt.javastudy.JavaStudyApplication:35][main][ERROR][][] =>slf4j ok.........
[2021-08-13 17:28:26,952][http-nio-19003-exec-1][manage-tax][org.apache.catalina.core.ContainerBase.[Tomcat].[localhost].[/]:173][log][INFO ][][] =>Initializing Spring DispatcherServlet 'dispatcherServlet'
[2021-08-13 17:28:26,952][http-nio-19003-exec-1][manage-tax][org.springframework.web.servlet.DispatcherServlet:525][initServletBean][INFO ][][] =>Initializing Servlet 'dispatcherServlet'
[2021-08-13 17:28:26,953][http-nio-19003-exec-1][manage-tax][org.springframework.web.servlet.DispatcherServlet:547][initServletBean][INFO ][][] =>Completed initialization in 1 ms
[2021-08-13 17:34:58,349][SpringContextShutdownHook][manage-tax][org.springframework.scheduling.concurrent.ThreadPoolTaskExecutor:218][shutdown][INFO ][][] =>Shutting down ExecutorService 'applicationTaskExecutor'
[2021-08-13 17:35:05,538][main][manage-tax][com.zt.javastudy.JavaStudyApplication:55][logStarting][INFO ][][] =>Starting JavaStudyApplication using Java 1.8.0_212 on jl-zhengtao with PID 9664 (D:\item\java-study\target\classes started by zhengtao in D:\item\java-study)
[2021-08-13 17:35:05,539][main][manage-tax][com.zt.javastudy.JavaStudyApplication:664][logStartupProfileInfo][INFO ][][] =>The following profiles are active: dev
[2021-08-13 17:35:06,474][main][manage-tax][org.springframework.boot.web.embedded.tomcat.TomcatWebServer:108][initialize][INFO ][][] =>Tomcat initialized with port(s): 19003 (http)
[2021-08-13 17:35:06,481][main][manage-tax][org.apache.coyote.http11.Http11NioProtocol:173][log][INFO ][][] =>Initializing ProtocolHandler ["http-nio-19003"]
[2021-08-13 17:35:06,481][main][manage-tax][org.apache.catalina.core.StandardService:173][log][INFO ][][] =>Starting service [Tomcat]
[2021-08-13 17:35:06,481][main][manage-tax][org.apache.catalina.core.StandardEngine:173][log][INFO ][][] =>Starting Servlet engine: [Apache Tomcat/9.0.39]
[2021-08-13 17:35:06,593][main][manage-tax][org.apache.catalina.core.ContainerBase.[Tomcat].[localhost].[/]:173][log][INFO ][][] =>Initializing Spring embedded WebApplicationContext
[2021-08-13 17:35:06,593][main][manage-tax][org.springframework.boot.web.servlet.context.ServletWebServerApplicationContext:289][prepareWebApplicationContext][INFO ][][] =>Root WebApplicationContext: initialization completed in 1017 ms
[2021-08-13 17:35:06,808][main][manage-tax][org.springframework.scheduling.concurrent.ThreadPoolTaskExecutor:181][initialize][INFO ][][] =>Initializing ExecutorService 'applicationTaskExecutor'
[2021-08-13 17:35:06,937][main][manage-tax][org.thymeleaf.templatemode.TemplateMode:150][parse][WARN ][][] =>[THYMELEAF][main] Template Mode 'HTML5' is deprecated. Using Template Mode 'HTML' instead.
[2021-08-13 17:35:07,285][main][manage-tax][org.yeauty.standard.ServerEndpointExporter:77][init][INFO ][][] =>[34mNetty WebSocket started on port: 8086 with context path(s): '/imserver/{clientOrderId}' .[0m
[2021-08-13 17:35:07,290][main][manage-tax][org.apache.coyote.http11.Http11NioProtocol:173][log][INFO ][][] =>Starting ProtocolHandler ["http-nio-19003"]
[2021-08-13 17:35:07,299][main][manage-tax][org.springframework.boot.web.embedded.tomcat.TomcatWebServer:220][start][INFO ][][] =>Tomcat started on port(s): 19003 (http) with context path ''
[2021-08-13 17:35:07,305][main][manage-tax][com.zt.javastudy.JavaStudyApplication:61][logStarted][INFO ][][] =>Started JavaStudyApplication in 2.257 seconds (JVM running for 3.048)
[2021-08-13 17:35:07,307][main][manage-tax][com.zt.javastudy.JavaStudyApplication:34][main][INFO ][][] =>java-study ok.....
[2021-08-13 17:35:07,307][main][manage-tax][com.zt.javastudy.JavaStudyApplication:35][main][ERROR][][] =>slf4j ok.........
[2021-08-13 17:43:24,728][http-nio-19003-exec-1][manage-tax][org.apache.catalina.core.ContainerBase.[Tomcat].[localhost].[/]:173][log][INFO ][][] =>Initializing Spring DispatcherServlet 'dispatcherServlet'
[2021-08-13 17:43:24,728][http-nio-19003-exec-1][manage-tax][org.springframework.web.servlet.DispatcherServlet:525][initServletBean][INFO ][][] =>Initializing Servlet 'dispatcherServlet'
[2021-08-13 17:43:24,729][http-nio-19003-exec-1][manage-tax][org.springframework.web.servlet.DispatcherServlet:547][initServletBean][INFO ][][] =>Completed initialization in 0 ms
[2021-08-13 18:35:10,236][SpringContextShutdownHook][manage-tax][org.springframework.scheduling.concurrent.ThreadPoolTaskExecutor:218][shutdown][INFO ][][] =>Shutting down ExecutorService 'applicationTaskExecutor'
[2021-08-13 18:35:18,560][main][manage-tax][com.zt.javastudy.JavaStudyApplication:55][logStarting][INFO ][][] =>Starting JavaStudyApplication using Java 1.8.0_212 on jl-zhengtao with PID 25040 (D:\item\java-study\target\classes started by zhengtao in D:\item\java-study)
[2021-08-13 18:35:18,561][main][manage-tax][com.zt.javastudy.JavaStudyApplication:664][logStartupProfileInfo][INFO ][][] =>The following profiles are active: dev
[2021-08-13 18:35:20,047][main][manage-tax][org.springframework.boot.web.embedded.tomcat.TomcatWebServer:108][initialize][INFO ][][] =>Tomcat initialized with port(s): 19003 (http)
[2021-08-13 18:35:20,060][main][manage-tax][org.apache.coyote.http11.Http11NioProtocol:173][log][INFO ][][] =>Initializing ProtocolHandler ["http-nio-19003"]
[2021-08-13 18:35:20,061][main][manage-tax][org.apache.catalina.core.StandardService:173][log][INFO ][][] =>Starting service [Tomcat]
[2021-08-13 18:35:20,061][main][manage-tax][org.apache.catalina.core.StandardEngine:173][log][INFO ][][] =>Starting Servlet engine: [Apache Tomcat/9.0.39]
[2021-08-13 18:35:20,255][main][manage-tax][org.apache.catalina.core.ContainerBase.[Tomcat].[localhost].[/]:173][log][INFO ][][] =>Initializing Spring embedded WebApplicationContext
[2021-08-13 18:35:20,255][main][manage-tax][org.springframework.boot.web.servlet.context.ServletWebServerApplicationContext:289][prepareWebApplicationContext][INFO ][][] =>Root WebApplicationContext: initialization completed in 1657 ms
[2021-08-13 18:35:20,515][main][manage-tax][org.springframework.scheduling.concurrent.ThreadPoolTaskExecutor:181][initialize][INFO ][][] =>Initializing ExecutorService 'applicationTaskExecutor'
[2021-08-13 18:35:20,691][main][manage-tax][org.thymeleaf.templatemode.TemplateMode:150][parse][WARN ][][] =>[THYMELEAF][main] Template Mode 'HTML5' is deprecated. Using Template Mode 'HTML' instead.
[2021-08-13 18:35:21,087][main][manage-tax][org.yeauty.standard.ServerEndpointExporter:77][init][INFO ][][] =>[34mNetty WebSocket started on port: 8086 with context path(s): '/imserver/{clientOrderId}' .[0m
[2021-08-13 18:35:21,092][main][manage-tax][org.apache.coyote.http11.Http11NioProtocol:173][log][INFO ][][] =>Starting ProtocolHandler ["http-nio-19003"]
[2021-08-13 18:35:21,101][main][manage-tax][org.springframework.boot.web.embedded.tomcat.TomcatWebServer:220][start][INFO ][][] =>Tomcat started on port(s): 19003 (http) with context path ''
[2021-08-13 18:35:21,115][main][manage-tax][com.zt.javastudy.JavaStudyApplication:61][logStarted][INFO ][][] =>Started JavaStudyApplication in 3.213 seconds (JVM running for 4.038)
[2021-08-13 18:35:21,119][main][manage-tax][com.zt.javastudy.JavaStudyApplication:34][main][INFO ][][] =>java-study ok.....
[2021-08-13 18:35:21,119][main][manage-tax][com.zt.javastudy.JavaStudyApplication:35][main][ERROR][][] =>slf4j ok.........
[2021-08-13 18:35:41,612][http-nio-19003-exec-1][manage-tax][org.apache.catalina.core.ContainerBase.[Tomcat].[localhost].[/]:173][log][INFO ][][] =>Initializing Spring DispatcherServlet 'dispatcherServlet'
[2021-08-13 18:35:41,612][http-nio-19003-exec-1][manage-tax][org.springframework.web.servlet.DispatcherServlet:525][initServletBean][INFO ][][] =>Initializing Servlet 'dispatcherServlet'
[2021-08-13 18:35:41,613][http-nio-19003-exec-1][manage-tax][org.springframework.web.servlet.DispatcherServlet:547][initServletBean][INFO ][][] =>Completed initialization in 1 ms
